{"/home/travis/build/npmtest/node-npmtest-nano/test.js":{"path":"/home/travis/build/npmtest/node-npmtest-nano/test.js","s":{"1":2,"2":2,"3":2,"4":2,"5":2,"6":2,"7":2,"8":1,"9":2,"10":2,"11":1,"12":1,"13":1,"14":1,"15":2,"16":2,"17":2,"18":2,"19":1,"20":1,"21":2,"22":2,"23":2,"24":1,"25":1,"26":1,"27":1,"28":1,"29":1,"30":1,"31":1,"32":1,"33":1,"34":1,"35":1,"36":1,"37":1,"38":1,"39":2,"40":2,"41":1,"42":2,"43":2,"44":1,"45":2,"46":2,"47":1,"48":2,"49":2,"50":1,"51":1,"52":1,"53":1,"54":1},"b":{"1":[2,1,1,1],"2":[1,1,1,1],"3":[1,1],"4":[1,1],"5":[1,1],"6":[1,1],"7":[1,1],"8":[1,1],"9":[1,1],"10":[1,1,1],"11":[1,1],"12":[1,1],"13":[1,1],"14":[1,1],"15":[1,1],"16":[1,1],"17":[1,1]},"f":{"1":2,"2":2,"3":2,"4":2,"5":2,"6":1,"7":1,"8":1,"9":2,"10":2,"11":2,"12":2,"13":1},"fnMap":{"1":{"name":"(anonymous_1)","line":12,"loc":{"start":{"line":12,"column":1},"end":{"line":12,"column":13}}},"2":{"name":"(anonymous_2)","line":19,"loc":{"start":{"line":19,"column":5},"end":{"line":19,"column":17}}},"3":{"name":"(anonymous_3)","line":23,"loc":{"start":{"line":23,"column":24},"end":{"line":23,"column":36}}},"4":{"name":"(anonymous_4)","line":61,"loc":{"start":{"line":61,"column":5},"end":{"line":61,"column":17}}},"5":{"name":"(anonymous_5)","line":82,"loc":{"start":{"line":82,"column":5},"end":{"line":82,"column":17}}},"6":{"name":"(anonymous_6)","line":91,"loc":{"start":{"line":91,"column":77},"end":{"line":94,"column":10}}},"7":{"name":"(anonymous_7)","line":112,"loc":{"start":{"line":112,"column":83},"end":{"line":115,"column":10}},"skip":true},"8":{"name":"(anonymous_8)","line":123,"loc":{"start":{"line":123,"column":77},"end":{"line":126,"column":10}},"skip":true},"9":{"name":"(anonymous_9)","line":139,"loc":{"start":{"line":139,"column":12},"end":{"line":139,"column":40}},"skip":true},"10":{"name":"(anonymous_10)","line":147,"loc":{"start":{"line":147,"column":77},"end":{"line":150,"column":10}},"skip":true},"11":{"name":"(anonymous_11)","line":158,"loc":{"start":{"line":158,"column":83},"end":{"line":161,"column":10}},"skip":true},"12":{"name":"(anonymous_12)","line":169,"loc":{"start":{"line":169,"column":79},"end":{"line":172,"column":10}},"skip":true},"13":{"name":"(anonymous_13)","line":180,"loc":{"start":{"line":180,"column":75},"end":{"line":183,"column":10}},"skip":true}},"statementMap":{"1":{"start":{"line":12,"column":0},"end":{"line":195,"column":5}},"2":{"start":{"line":14,"column":4},"end":{"line":14,"column":14}},"3":{"start":{"line":19,"column":4},"end":{"line":56,"column":9}},"4":{"start":{"line":21,"column":8},"end":{"line":21,"column":19}},"5":{"start":{"line":23,"column":8},"end":{"line":35,"column":13}},"6":{"start":{"line":24,"column":12},"end":{"line":34,"column":13}},"7":{"start":{"line":25,"column":16},"end":{"line":28,"column":30}},"8":{"start":{"line":30,"column":16},"end":{"line":33,"column":27}},"9":{"start":{"line":37,"column":8},"end":{"line":39,"column":21}},"10":{"start":{"line":40,"column":8},"end":{"line":53,"column":9}},"11":{"start":{"line":43,"column":12},"end":{"line":46,"column":14}},"12":{"start":{"line":47,"column":12},"end":{"line":47,"column":18}},"13":{"start":{"line":50,"column":12},"end":{"line":51,"column":33}},"14":{"start":{"line":52,"column":12},"end":{"line":52,"column":18}},"15":{"start":{"line":55,"column":8},"end":{"line":55,"column":35}},"16":{"start":{"line":61,"column":4},"end":{"line":63,"column":9}},"17":{"start":{"line":62,"column":8},"end":{"line":62,"column":15}},"18":{"start":{"line":64,"column":4},"end":{"line":77,"column":5}},"19":{"start":{"line":70,"column":8},"end":{"line":70,"column":14}},"20":{"start":{"line":76,"column":8},"end":{"line":76,"column":14}},"21":{"start":{"line":82,"column":4},"end":{"line":84,"column":9}},"22":{"start":{"line":83,"column":8},"end":{"line":83,"column":15}},"23":{"start":{"line":85,"column":4},"end":{"line":194,"column":5}},"24":{"start":{"line":91,"column":8},"end":{"line":99,"column":10}},"25":{"start":{"line":98,"column":12},"end":{"line":98,"column":35}},"26":{"start":{"line":102,"column":8},"end":{"line":104,"column":63}},"27":{"start":{"line":105,"column":8},"end":{"line":105,"column":14}},"28":{"start":{"line":112,"column":8},"end":{"line":121,"column":10},"skip":true},"29":{"start":{"line":119,"column":12},"end":{"line":119,"column":55},"skip":true},"30":{"start":{"line":120,"column":12},"end":{"line":120,"column":48},"skip":true},"31":{"start":{"line":123,"column":8},"end":{"line":136,"column":10},"skip":true},"32":{"start":{"line":130,"column":12},"end":{"line":130,"column":76},"skip":true},"33":{"start":{"line":131,"column":12},"end":{"line":131,"column":73},"skip":true},"34":{"start":{"line":132,"column":12},"end":{"line":132,"column":74},"skip":true},"35":{"start":{"line":133,"column":12},"end":{"line":133,"column":79},"skip":true},"36":{"start":{"line":134,"column":12},"end":{"line":134,"column":25},"skip":true},"37":{"start":{"line":135,"column":12},"end":{"line":135,"column":45},"skip":true},"38":{"start":{"line":138,"column":8},"end":{"line":145,"column":14},"skip":true},"39":{"start":{"line":143,"column":16},"end":{"line":143,"column":29},"skip":true},"40":{"start":{"line":144,"column":16},"end":{"line":144,"column":55},"skip":true},"41":{"start":{"line":147,"column":8},"end":{"line":156,"column":10},"skip":true},"42":{"start":{"line":154,"column":12},"end":{"line":154,"column":25},"skip":true},"43":{"start":{"line":155,"column":12},"end":{"line":155,"column":45},"skip":true},"44":{"start":{"line":158,"column":8},"end":{"line":167,"column":10},"skip":true},"45":{"start":{"line":165,"column":12},"end":{"line":165,"column":25},"skip":true},"46":{"start":{"line":166,"column":12},"end":{"line":166,"column":48},"skip":true},"47":{"start":{"line":169,"column":8},"end":{"line":178,"column":10},"skip":true},"48":{"start":{"line":176,"column":12},"end":{"line":176,"column":25},"skip":true},"49":{"start":{"line":177,"column":12},"end":{"line":177,"column":46},"skip":true},"50":{"start":{"line":180,"column":8},"end":{"line":189,"column":10},"skip":true},"51":{"start":{"line":187,"column":12},"end":{"line":187,"column":94},"skip":true},"52":{"start":{"line":188,"column":12},"end":{"line":188,"column":48},"skip":true},"53":{"start":{"line":192,"column":8},"end":{"line":192,"column":35},"skip":true},"54":{"start":{"line":193,"column":8},"end":{"line":193,"column":14},"skip":true}},"branchMap":{"1":{"line":25,"type":"binary-expr","locations":[{"start":{"line":25,"column":23},"end":{"line":25,"column":62}},{"start":{"line":26,"column":20},"end":{"line":26,"column":70}},{"start":{"line":27,"column":20},"end":{"line":27,"column":71}},{"start":{"line":28,"column":20},"end":{"line":28,"column":29}}]},"2":{"line":30,"type":"binary-expr","locations":[{"start":{"line":30,"column":23},"end":{"line":30,"column":37}},{"start":{"line":31,"column":20},"end":{"line":31,"column":61}},{"start":{"line":32,"column":20},"end":{"line":32,"column":70}},{"start":{"line":33,"column":20},"end":{"line":33,"column":26}}]},"3":{"line":37,"type":"cond-expr","locations":[{"start":{"line":38,"column":14},"end":{"line":38,"column":20}},{"start":{"line":39,"column":14},"end":{"line":39,"column":20}}]},"4":{"line":40,"type":"switch","locations":[{"start":{"line":42,"column":8},"end":{"line":47,"column":18}},{"start":{"line":49,"column":8},"end":{"line":52,"column":18}}]},"5":{"line":44,"type":"binary-expr","locations":[{"start":{"line":44,"column":16},"end":{"line":44,"column":44}},{"start":{"line":44,"column":48},"end":{"line":44,"column":66}}]},"6":{"line":50,"type":"binary-expr","locations":[{"start":{"line":50,"column":21},"end":{"line":50,"column":49}},{"start":{"line":50,"column":53},"end":{"line":50,"column":72}}]},"7":{"line":64,"type":"switch","locations":[{"start":{"line":69,"column":4},"end":{"line":70,"column":14}},{"start":{"line":75,"column":4},"end":{"line":76,"column":14}}]},"8":{"line":85,"type":"switch","locations":[{"start":{"line":90,"column":4},"end":{"line":105,"column":14}},{"start":{"line":111,"column":4},"end":{"line":193,"column":14},"skip":true}]},"9":{"line":91,"type":"binary-expr","locations":[{"start":{"line":91,"column":42},"end":{"line":91,"column":73}},{"start":{"line":91,"column":77},"end":{"line":99,"column":9}}]},"10":{"line":102,"type":"binary-expr","locations":[{"start":{"line":102,"column":18},"end":{"line":102,"column":32}},{"start":{"line":103,"column":12},"end":{"line":103,"column":53}},{"start":{"line":104,"column":12},"end":{"line":104,"column":61}}]},"11":{"line":112,"type":"binary-expr","locations":[{"start":{"line":112,"column":45},"end":{"line":112,"column":79},"skip":true},{"start":{"line":112,"column":83},"end":{"line":121,"column":9},"skip":true}]},"12":{"line":123,"type":"binary-expr","locations":[{"start":{"line":123,"column":42},"end":{"line":123,"column":73},"skip":true},{"start":{"line":123,"column":77},"end":{"line":136,"column":9},"skip":true}]},"13":{"line":138,"type":"binary-expr","locations":[{"start":{"line":138,"column":48},"end":{"line":138,"column":85},"skip":true},{"start":{"line":139,"column":12},"end":{"line":145,"column":13},"skip":true}]},"14":{"line":147,"type":"binary-expr","locations":[{"start":{"line":147,"column":42},"end":{"line":147,"column":73},"skip":true},{"start":{"line":147,"column":77},"end":{"line":156,"column":9},"skip":true}]},"15":{"line":158,"type":"binary-expr","locations":[{"start":{"line":158,"column":45},"end":{"line":158,"column":79},"skip":true},{"start":{"line":158,"column":83},"end":{"line":167,"column":9},"skip":true}]},"16":{"line":169,"type":"binary-expr","locations":[{"start":{"line":169,"column":43},"end":{"line":169,"column":75},"skip":true},{"start":{"line":169,"column":79},"end":{"line":178,"column":9},"skip":true}]},"17":{"line":180,"type":"binary-expr","locations":[{"start":{"line":180,"column":41},"end":{"line":180,"column":71},"skip":true},{"start":{"line":180,"column":75},"end":{"line":189,"column":9},"skip":true}]}},"code":["/* istanbul instrument in package npmtest_nano */","/*jslint","    bitwise: true,","    browser: true,","    maxerr: 8,","    maxlen: 96,","    node: true,","    nomen: true,","    regexp: true,","    stupid: true","*/","(function () {","    'use strict';","    var local;","","","","    // run shared js-env code - pre-init","    (function () {","        // init local","        local = {};","        // init modeJs","        local.modeJs = (function () {","            try {","                return typeof navigator.userAgent === 'string' &&","                    typeof document.querySelector('body') === 'object' &&","                    typeof XMLHttpRequest.prototype.open === 'function' &&","                    'browser';","            } catch (errorCaughtBrowser) {","                return module.exports &&","                    typeof process.versions.node === 'string' &&","                    typeof require('http').createServer === 'function' &&","                    'node';","            }","        }());","        // init global","        local.global = local.modeJs === 'browser'","            ? window","            : global;","        switch (local.modeJs) {","        // re-init local from window.local","        case 'browser':","            local = local.global.utility2.objectSetDefault(","                local.global.utility2_rollup || local.global.local,","                local.global.utility2","            );","            break;","        // re-init local from example.js","        case 'node':","            local = (local.global.utility2_rollup || require('utility2'))","                .requireReadme();","            break;","        }","        // export local","        local.global.local = local;","    }());","","","","    // run shared js-env code - function","    (function () {","        return;","    }());","    switch (local.modeJs) {","","","","    // run browser js-env code - function","    case 'browser':","        break;","","","","    // run node js-env code - function","    case 'node':","        break;","    }","","","","    // run shared js-env code - post-init","    (function () {","        return;","    }());","    switch (local.modeJs) {","","","","    // run browser js-env code - post-init","    case 'browser':","        local.testCase_browser_nullCase = local.testCase_browser_nullCase || function (","            options,","            onError","        ) {","        /*","         * this function will test browsers's null-case handling-behavior-behavior","         */","            onError(null, options);","        };","","        // run tests","        local.nop(local.modeTest &&","            document.querySelector('#testRunButton1') &&","            document.querySelector('#testRunButton1').click());","        break;","","","","    // run node js-env code - post-init","    /* istanbul ignore next */","    case 'node':","        local.testCase_buildApidoc_default = local.testCase_buildApidoc_default || function (","            options,","            onError","        ) {","        /*","         * this function will test buildApidoc's default handling-behavior-behavior","         */","            options = { modulePathList: module.paths };","            local.buildApidoc(options, onError);","        };","","        local.testCase_buildApp_default = local.testCase_buildApp_default || function (","            options,","            onError","        ) {","        /*","         * this function will test buildApp's default handling-behavior-behavior","         */","            local.testCase_buildReadme_default(options, local.onErrorThrow);","            local.testCase_buildLib_default(options, local.onErrorThrow);","            local.testCase_buildTest_default(options, local.onErrorThrow);","            local.testCase_buildCustomOrg_default(options, local.onErrorThrow);","            options = [];","            local.buildApp(options, onError);","        };","","        local.testCase_buildCustomOrg_default = local.testCase_buildCustomOrg_default ||","            function (options, onError) {","            /*","             * this function will test buildCustomOrg's default handling-behavior","             */","                options = {};","                local.buildCustomOrg(options, onError);","            };","","        local.testCase_buildLib_default = local.testCase_buildLib_default || function (","            options,","            onError","        ) {","        /*","         * this function will test buildLib's default handling-behavior","         */","            options = {};","            local.buildLib(options, onError);","        };","","        local.testCase_buildReadme_default = local.testCase_buildReadme_default || function (","            options,","            onError","        ) {","        /*","         * this function will test buildReadme's default handling-behavior-behavior","         */","            options = {};","            local.buildReadme(options, onError);","        };","","        local.testCase_buildTest_default = local.testCase_buildTest_default || function (","            options,","            onError","        ) {","        /*","         * this function will test buildTest's default handling-behavior","         */","            options = {};","            local.buildTest(options, onError);","        };","","        local.testCase_webpage_default = local.testCase_webpage_default || function (","            options,","            onError","        ) {","        /*","         * this function will test webpage's default handling-behavior","         */","            options = { modeCoverageMerge: true, url: local.serverLocalHost + '?modeTest=1' };","            local.browserTest(options, onError);","        };","","        // run test-server","        local.testRunServer(local);","        break;","    }","}());",""],"l":{"12":2,"14":2,"19":2,"21":2,"23":2,"24":2,"25":2,"30":1,"37":2,"40":2,"43":1,"47":1,"50":1,"52":1,"55":2,"61":2,"62":2,"64":2,"70":1,"76":1,"82":2,"83":2,"85":2,"91":1,"98":1,"102":1,"105":1,"112":1,"119":1,"120":1,"123":1,"130":1,"131":1,"132":1,"133":1,"134":1,"135":1,"138":1,"143":2,"144":2,"147":1,"154":2,"155":2,"158":1,"165":2,"166":2,"169":1,"176":2,"177":2,"180":1,"187":1,"188":1,"192":1,"193":1}},"/home/travis/build/npmtest/node-npmtest-nano/lib.npmtest_nano.js":{"path":"/home/travis/build/npmtest/node-npmtest-nano/lib.npmtest_nano.js","s":{"1":2,"2":2,"3":2,"4":2,"5":2,"6":2,"7":2,"8":1,"9":2,"10":2,"11":2,"12":2,"13":1,"14":1,"15":1,"16":1},"b":{"1":[2,1,1,1],"2":[1,1,1,1],"3":[1,1],"4":[2,2],"5":[1,1]},"f":{"1":2,"2":2,"3":2},"fnMap":{"1":{"name":"(anonymous_1)","line":12,"loc":{"start":{"line":12,"column":1},"end":{"line":12,"column":13}}},"2":{"name":"(anonymous_2)","line":19,"loc":{"start":{"line":19,"column":5},"end":{"line":19,"column":17}}},"3":{"name":"(anonymous_3)","line":23,"loc":{"start":{"line":23,"column":24},"end":{"line":23,"column":36}}}},"statementMap":{"1":{"start":{"line":12,"column":0},"end":{"line":53,"column":5}},"2":{"start":{"line":14,"column":4},"end":{"line":14,"column":14}},"3":{"start":{"line":19,"column":4},"end":{"line":52,"column":9}},"4":{"start":{"line":21,"column":8},"end":{"line":21,"column":19}},"5":{"start":{"line":23,"column":8},"end":{"line":35,"column":13}},"6":{"start":{"line":24,"column":12},"end":{"line":34,"column":13}},"7":{"start":{"line":25,"column":16},"end":{"line":28,"column":30}},"8":{"start":{"line":30,"column":16},"end":{"line":33,"column":27}},"9":{"start":{"line":37,"column":8},"end":{"line":39,"column":21}},"10":{"start":{"line":41,"column":8},"end":{"line":41,"column":54}},"11":{"start":{"line":43,"column":8},"end":{"line":43,"column":49}},"12":{"start":{"line":45,"column":8},"end":{"line":51,"column":9}},"13":{"start":{"line":46,"column":12},"end":{"line":46,"column":55}},"14":{"start":{"line":48,"column":12},"end":{"line":48,"column":35}},"15":{"start":{"line":49,"column":12},"end":{"line":49,"column":49}},"16":{"start":{"line":50,"column":12},"end":{"line":50,"column":43}}},"branchMap":{"1":{"line":25,"type":"binary-expr","locations":[{"start":{"line":25,"column":23},"end":{"line":25,"column":62}},{"start":{"line":26,"column":20},"end":{"line":26,"column":70}},{"start":{"line":27,"column":20},"end":{"line":27,"column":71}},{"start":{"line":28,"column":20},"end":{"line":28,"column":29}}]},"2":{"line":30,"type":"binary-expr","locations":[{"start":{"line":30,"column":23},"end":{"line":30,"column":37}},{"start":{"line":31,"column":20},"end":{"line":31,"column":61}},{"start":{"line":32,"column":20},"end":{"line":32,"column":70}},{"start":{"line":33,"column":20},"end":{"line":33,"column":26}}]},"3":{"line":37,"type":"cond-expr","locations":[{"start":{"line":38,"column":14},"end":{"line":38,"column":20}},{"start":{"line":39,"column":14},"end":{"line":39,"column":20}}]},"4":{"line":41,"type":"binary-expr","locations":[{"start":{"line":41,"column":16},"end":{"line":41,"column":44}},{"start":{"line":41,"column":48},"end":{"line":41,"column":53}}]},"5":{"line":45,"type":"if","locations":[{"start":{"line":45,"column":8},"end":{"line":45,"column":8}},{"start":{"line":45,"column":8},"end":{"line":45,"column":8}}]}},"code":["/* istanbul instrument in package npmtest_nano */","/*jslint","    bitwise: true,","    browser: true,","    maxerr: 8,","    maxlen: 96,","    node: true,","    nomen: true,","    regexp: true,","    stupid: true","*/","(function () {","    'use strict';","    var local;","","","","    // run shared js-env code - pre-init","    (function () {","        // init local","        local = {};","        // init modeJs","        local.modeJs = (function () {","            try {","                return typeof navigator.userAgent === 'string' &&","                    typeof document.querySelector('body') === 'object' &&","                    typeof XMLHttpRequest.prototype.open === 'function' &&","                    'browser';","            } catch (errorCaughtBrowser) {","                return module.exports &&","                    typeof process.versions.node === 'string' &&","                    typeof require('http').createServer === 'function' &&","                    'node';","            }","        }());","        // init global","        local.global = local.modeJs === 'browser'","            ? window","            : global;","        // init utility2_rollup","        local = local.global.utility2_rollup || local;","        // init lib","        local.local = local.npmtest_nano = local;","        // init exports","        if (local.modeJs === 'browser') {","            local.global.utility2_npmtest_nano = local;","        } else {","            module.exports = local;","            module.exports.__dirname = __dirname;","            module.exports.module = module;","        }","    }());","}());",""],"l":{"12":2,"14":2,"19":2,"21":2,"23":2,"24":2,"25":2,"30":1,"37":2,"41":2,"43":2,"45":2,"46":1,"48":1,"49":1,"50":1}},"/home/travis/build/npmtest/node-npmtest-nano/example.js":{"path":"/home/travis/build/npmtest/node-npmtest-nano/example.js","s":{"1":2,"2":2,"3":2,"4":2,"5":2,"6":2,"7":2,"8":1,"9":2,"10":2,"11":2,"12":2,"13":1,"14":2,"15":2,"16":2,"17":2,"18":2,"19":0,"20":2,"21":1,"22":1,"23":1,"24":1,"25":1,"26":0,"27":0,"28":1,"29":1,"30":2,"31":0,"32":0,"33":0,"34":1,"35":2,"36":2,"37":3,"38":3,"39":3,"40":3,"41":0,"42":3,"43":3,"44":3,"45":1,"46":3,"47":1,"48":1,"49":1,"50":1,"51":1,"52":1,"53":1,"54":1,"55":1,"56":1,"57":0,"58":1,"59":6,"60":6,"61":1,"62":2,"63":0,"64":2,"65":1,"66":1,"67":0,"68":0,"69":0,"70":0,"71":0,"72":0,"73":0,"74":0,"75":0,"76":0,"77":0,"78":0,"79":0,"80":0,"81":0,"82":0,"83":0},"b":{"1":[2,1,1,1],"2":[1,1,1,1],"3":[1,1],"4":[2,2],"5":[1,1],"6":[1,1],"7":[2,0],"8":[2,1,1,1,1,1],"9":[0,2,0],"10":[1,1],"11":[2,1,1],"12":[1,0],"13":[0,2],"14":[2,0,0,0,0,0,0],"15":[0,3],"16":[3,0],"17":[1,1],"18":[0,1],"19":[1,2,0,2],"20":[1,0],"21":[1,1],"22":[0,0],"23":[0,0],"24":[0,0],"25":[0,0],"26":[0,0],"27":[0,0],"28":[0,0]},"f":{"1":2,"2":2,"3":2,"4":2,"5":2,"6":2,"7":3,"8":3,"9":3,"10":1,"11":6,"12":0},"fnMap":{"1":{"name":"(anonymous_1)","line":26,"loc":{"start":{"line":26,"column":1},"end":{"line":26,"column":13}}},"2":{"name":"(anonymous_2)","line":33,"loc":{"start":{"line":33,"column":5},"end":{"line":33,"column":17}}},"3":{"name":"(anonymous_3)","line":37,"loc":{"start":{"line":37,"column":24},"end":{"line":37,"column":36}}},"4":{"name":"(anonymous_4)","line":69,"loc":{"start":{"line":69,"column":31},"end":{"line":69,"column":48}},"skip":true},"5":{"name":"(anonymous_5)","line":78,"loc":{"start":{"line":78,"column":26},"end":{"line":78,"column":45}},"skip":true},"6":{"name":"(anonymous_6)","line":123,"loc":{"start":{"line":123,"column":33},"end":{"line":123,"column":48}},"skip":true},"7":{"name":"(anonymous_7)","line":125,"loc":{"start":{"line":125,"column":27},"end":{"line":125,"column":39}},"skip":true},"8":{"name":"(anonymous_8)","line":133,"loc":{"start":{"line":133,"column":59},"end":{"line":133,"column":74}},"skip":true},"9":{"name":"(anonymous_9)","line":143,"loc":{"start":{"line":143,"column":45},"end":{"line":143,"column":62}},"skip":true},"10":{"name":"(anonymous_10)","line":144,"loc":{"start":{"line":144,"column":73},"end":{"line":144,"column":92}},"skip":true},"11":{"name":"(anonymous_11)","line":272,"loc":{"start":{"line":272,"column":51},"end":{"line":272,"column":77}},"skip":true},"12":{"name":"(anonymous_12)","line":315,"loc":{"start":{"line":315,"column":32},"end":{"line":315,"column":61}},"skip":true}},"statementMap":{"1":{"start":{"line":26,"column":0},"end":{"line":326,"column":5}},"2":{"start":{"line":28,"column":4},"end":{"line":28,"column":14}},"3":{"start":{"line":33,"column":4},"end":{"line":60,"column":9}},"4":{"start":{"line":35,"column":8},"end":{"line":35,"column":19}},"5":{"start":{"line":37,"column":8},"end":{"line":49,"column":13}},"6":{"start":{"line":38,"column":12},"end":{"line":48,"column":13}},"7":{"start":{"line":39,"column":16},"end":{"line":42,"column":30}},"8":{"start":{"line":44,"column":16},"end":{"line":47,"column":27}},"9":{"start":{"line":51,"column":8},"end":{"line":53,"column":21}},"10":{"start":{"line":55,"column":8},"end":{"line":57,"column":45}},"11":{"start":{"line":59,"column":8},"end":{"line":59,"column":35}},"12":{"start":{"line":61,"column":4},"end":{"line":325,"column":5}},"13":{"start":{"line":69,"column":8},"end":{"line":121,"column":10},"skip":true},"14":{"start":{"line":70,"column":12},"end":{"line":88,"column":13},"skip":true},"15":{"start":{"line":76,"column":16},"end":{"line":87,"column":19},"skip":true},"16":{"start":{"line":79,"column":20},"end":{"line":86,"column":21},"skip":true},"17":{"start":{"line":82,"column":24},"end":{"line":82,"column":43},"skip":true},"18":{"start":{"line":83,"column":24},"end":{"line":83,"column":30},"skip":true},"19":{"start":{"line":85,"column":24},"end":{"line":85,"column":49},"skip":true},"20":{"start":{"line":89,"column":12},"end":{"line":107,"column":13},"skip":true},"21":{"start":{"line":92,"column":16},"end":{"line":102,"column":17},"skip":true},"22":{"start":{"line":93,"column":20},"end":{"line":93,"column":86},"skip":true},"23":{"start":{"line":94,"column":20},"end":{"line":95,"column":45},"skip":true},"24":{"start":{"line":96,"column":20},"end":{"line":96,"column":42},"skip":true},"25":{"start":{"line":97,"column":20},"end":{"line":97,"column":48},"skip":true},"26":{"start":{"line":100,"column":20},"end":{"line":100,"column":85},"skip":true},"27":{"start":{"line":101,"column":20},"end":{"line":101,"column":96},"skip":true},"28":{"start":{"line":103,"column":16},"end":{"line":103,"column":22},"skip":true},"29":{"start":{"line":106,"column":16},"end":{"line":106,"column":22},"skip":true},"30":{"start":{"line":108,"column":12},"end":{"line":120,"column":13},"skip":true},"31":{"start":{"line":114,"column":16},"end":{"line":119,"column":17},"skip":true},"32":{"start":{"line":116,"column":20},"end":{"line":116,"column":78},"skip":true},"33":{"start":{"line":118,"column":20},"end":{"line":118,"column":47},"skip":true},"34":{"start":{"line":123,"column":8},"end":{"line":141,"column":11},"skip":true},"35":{"start":{"line":124,"column":12},"end":{"line":124,"column":54},"skip":true},"36":{"start":{"line":125,"column":12},"end":{"line":140,"column":14},"skip":true},"37":{"start":{"line":126,"column":16},"end":{"line":126,"column":28},"skip":true},"38":{"start":{"line":127,"column":16},"end":{"line":127,"column":69},"skip":true},"39":{"start":{"line":128,"column":16},"end":{"line":128,"column":75},"skip":true},"40":{"start":{"line":129,"column":16},"end":{"line":131,"column":17},"skip":true},"41":{"start":{"line":130,"column":20},"end":{"line":130,"column":27},"skip":true},"42":{"start":{"line":133,"column":16},"end":{"line":137,"column":36},"skip":true},"43":{"start":{"line":134,"column":20},"end":{"line":136,"column":55},"skip":true},"44":{"start":{"line":139,"column":16},"end":{"line":139,"column":57},"skip":true},"45":{"start":{"line":143,"column":8},"end":{"line":147,"column":11},"skip":true},"46":{"start":{"line":144,"column":12},"end":{"line":146,"column":15},"skip":true},"47":{"start":{"line":145,"column":16},"end":{"line":145,"column":70},"skip":true},"48":{"start":{"line":149,"column":8},"end":{"line":149,"column":31},"skip":true},"49":{"start":{"line":150,"column":8},"end":{"line":150,"column":14},"skip":true},"50":{"start":{"line":158,"column":8},"end":{"line":158,"column":31},"skip":true},"51":{"start":{"line":160,"column":8},"end":{"line":160,"column":33},"skip":true},"52":{"start":{"line":161,"column":8},"end":{"line":161,"column":37},"skip":true},"53":{"start":{"line":162,"column":8},"end":{"line":162,"column":35},"skip":true},"54":{"start":{"line":164,"column":8},"end":{"line":164,"column":50},"skip":true},"55":{"start":{"line":166,"column":8},"end":{"line":256,"column":2},"skip":true},"56":{"start":{"line":258,"column":8},"end":{"line":286,"column":9},"skip":true},"57":{"start":{"line":259,"column":12},"end":{"line":269,"column":14},"skip":true},"58":{"start":{"line":271,"column":12},"end":{"line":285,"column":19},"skip":true},"59":{"start":{"line":274,"column":20},"end":{"line":274,"column":35},"skip":true},"60":{"start":{"line":275,"column":20},"end":{"line":284,"column":21},"skip":true},"61":{"start":{"line":277,"column":24},"end":{"line":277,"column":64},"skip":true},"62":{"start":{"line":279,"column":24},"end":{"line":279,"column":40},"skip":true},"63":{"start":{"line":281,"column":24},"end":{"line":281,"column":40},"skip":true},"64":{"start":{"line":283,"column":24},"end":{"line":283,"column":39},"skip":true},"65":{"start":{"line":288,"column":8},"end":{"line":290,"column":9},"skip":true},"66":{"start":{"line":289,"column":12},"end":{"line":289,"column":18},"skip":true},"67":{"start":{"line":291,"column":8},"end":{"line":293,"column":54},"skip":true},"68":{"start":{"line":296,"column":8},"end":{"line":301,"column":37},"skip":true},"69":{"start":{"line":303,"column":8},"end":{"line":303,"column":82},"skip":true},"70":{"start":{"line":306,"column":8},"end":{"line":308,"column":9},"skip":true},"71":{"start":{"line":307,"column":12},"end":{"line":307,"column":82},"skip":true},"72":{"start":{"line":310,"column":8},"end":{"line":312,"column":9},"skip":true},"73":{"start":{"line":311,"column":12},"end":{"line":311,"column":18},"skip":true},"74":{"start":{"line":313,"column":8},"end":{"line":313,"column":54},"skip":true},"75":{"start":{"line":314,"column":8},"end":{"line":314,"column":69},"skip":true},"76":{"start":{"line":315,"column":8},"end":{"line":323,"column":36},"skip":true},"77":{"start":{"line":316,"column":12},"end":{"line":316,"column":61},"skip":true},"78":{"start":{"line":317,"column":12},"end":{"line":320,"column":13},"skip":true},"79":{"start":{"line":318,"column":16},"end":{"line":318,"column":75},"skip":true},"80":{"start":{"line":319,"column":16},"end":{"line":319,"column":23},"skip":true},"81":{"start":{"line":321,"column":12},"end":{"line":321,"column":38},"skip":true},"82":{"start":{"line":322,"column":12},"end":{"line":322,"column":27},"skip":true},"83":{"start":{"line":324,"column":8},"end":{"line":324,"column":14},"skip":true}},"branchMap":{"1":{"line":39,"type":"binary-expr","locations":[{"start":{"line":39,"column":23},"end":{"line":39,"column":62}},{"start":{"line":40,"column":20},"end":{"line":40,"column":70}},{"start":{"line":41,"column":20},"end":{"line":41,"column":71}},{"start":{"line":42,"column":20},"end":{"line":42,"column":29}}]},"2":{"line":44,"type":"binary-expr","locations":[{"start":{"line":44,"column":23},"end":{"line":44,"column":37}},{"start":{"line":45,"column":20},"end":{"line":45,"column":61}},{"start":{"line":46,"column":20},"end":{"line":46,"column":70}},{"start":{"line":47,"column":20},"end":{"line":47,"column":26}}]},"3":{"line":51,"type":"cond-expr","locations":[{"start":{"line":52,"column":14},"end":{"line":52,"column":20}},{"start":{"line":53,"column":14},"end":{"line":53,"column":20}}]},"4":{"line":55,"type":"binary-expr","locations":[{"start":{"line":55,"column":16},"end":{"line":55,"column":44}},{"start":{"line":55,"column":49},"end":{"line":57,"column":43}}]},"5":{"line":55,"type":"cond-expr","locations":[{"start":{"line":56,"column":14},"end":{"line":56,"column":48}},{"start":{"line":57,"column":14},"end":{"line":57,"column":43}}]},"6":{"line":61,"type":"switch","locations":[{"start":{"line":68,"column":4},"end":{"line":150,"column":14},"skip":true},{"start":{"line":156,"column":4},"end":{"line":324,"column":14},"skip":true}]},"7":{"line":70,"type":"if","locations":[{"start":{"line":70,"column":12},"end":{"line":70,"column":12},"skip":true},{"start":{"line":70,"column":12},"end":{"line":70,"column":12},"skip":true}]},"8":{"line":70,"type":"binary-expr","locations":[{"start":{"line":70,"column":16},"end":{"line":70,"column":22},"skip":true},{"start":{"line":70,"column":27},"end":{"line":70,"column":32},"skip":true},{"start":{"line":71,"column":20},"end":{"line":71,"column":39},"skip":true},{"start":{"line":72,"column":20},"end":{"line":72,"column":49},"skip":true},{"start":{"line":73,"column":20},"end":{"line":73,"column":58},"skip":true},{"start":{"line":74,"column":20},"end":{"line":74,"column":69},"skip":true}]},"9":{"line":79,"type":"switch","locations":[{"start":{"line":80,"column":20},"end":{"line":80,"column":33},"skip":true},{"start":{"line":81,"column":20},"end":{"line":83,"column":30},"skip":true},{"start":{"line":84,"column":20},"end":{"line":85,"column":49},"skip":true}]},"10":{"line":89,"type":"switch","locations":[{"start":{"line":90,"column":12},"end":{"line":103,"column":22},"skip":true},{"start":{"line":105,"column":12},"end":{"line":106,"column":22},"skip":true}]},"11":{"line":89,"type":"binary-expr","locations":[{"start":{"line":89,"column":20},"end":{"line":89,"column":25},"skip":true},{"start":{"line":89,"column":29},"end":{"line":89,"column":48},"skip":true},{"start":{"line":89,"column":52},"end":{"line":89,"column":74},"skip":true}]},"12":{"line":92,"type":"if","locations":[{"start":{"line":92,"column":16},"end":{"line":92,"column":16},"skip":true},{"start":{"line":92,"column":16},"end":{"line":92,"column":16},"skip":true}]},"13":{"line":108,"type":"if","locations":[{"start":{"line":108,"column":12},"end":{"line":108,"column":12},"skip":true},{"start":{"line":108,"column":12},"end":{"line":108,"column":12},"skip":true}]},"14":{"line":108,"type":"binary-expr","locations":[{"start":{"line":108,"column":16},"end":{"line":108,"column":61},"skip":true},{"start":{"line":108,"column":66},"end":{"line":108,"column":72},"skip":true},{"start":{"line":108,"column":77},"end":{"line":108,"column":82},"skip":true},{"start":{"line":109,"column":20},"end":{"line":109,"column":39},"skip":true},{"start":{"line":110,"column":20},"end":{"line":110,"column":49},"skip":true},{"start":{"line":111,"column":20},"end":{"line":111,"column":58},"skip":true},{"start":{"line":112,"column":20},"end":{"line":112,"column":68},"skip":true}]},"15":{"line":129,"type":"if","locations":[{"start":{"line":129,"column":16},"end":{"line":129,"column":16},"skip":true},{"start":{"line":129,"column":16},"end":{"line":129,"column":16},"skip":true}]},"16":{"line":134,"type":"cond-expr","locations":[{"start":{"line":135,"column":26},"end":{"line":135,"column":29},"skip":true},{"start":{"line":136,"column":26},"end":{"line":136,"column":54},"skip":true}]},"17":{"line":164,"type":"binary-expr","locations":[{"start":{"line":164,"column":27},"end":{"line":164,"column":43},"skip":true},{"start":{"line":164,"column":47},"end":{"line":164,"column":49},"skip":true}]},"18":{"line":258,"type":"if","locations":[{"start":{"line":258,"column":8},"end":{"line":258,"column":8},"skip":true},{"start":{"line":258,"column":8},"end":{"line":258,"column":8},"skip":true}]},"19":{"line":275,"type":"switch","locations":[{"start":{"line":276,"column":20},"end":{"line":277,"column":64},"skip":true},{"start":{"line":278,"column":20},"end":{"line":279,"column":40},"skip":true},{"start":{"line":280,"column":20},"end":{"line":281,"column":40},"skip":true},{"start":{"line":282,"column":20},"end":{"line":283,"column":39},"skip":true}]},"20":{"line":288,"type":"if","locations":[{"start":{"line":288,"column":8},"end":{"line":288,"column":8},"skip":true},{"start":{"line":288,"column":8},"end":{"line":288,"column":8},"skip":true}]},"21":{"line":288,"type":"binary-expr","locations":[{"start":{"line":288,"column":12},"end":{"line":288,"column":40},"skip":true},{"start":{"line":288,"column":44},"end":{"line":288,"column":67},"skip":true}]},"22":{"line":292,"type":"binary-expr","locations":[{"start":{"line":292,"column":12},"end":{"line":292,"column":50},"skip":true},{"start":{"line":293,"column":12},"end":{"line":293,"column":53},"skip":true}]},"23":{"line":297,"type":"binary-expr","locations":[{"start":{"line":297,"column":12},"end":{"line":297,"column":62},"skip":true},{"start":{"line":298,"column":12},"end":{"line":301,"column":36},"skip":true}]},"24":{"line":303,"type":"binary-expr","locations":[{"start":{"line":303,"column":43},"end":{"line":303,"column":75},"skip":true},{"start":{"line":303,"column":79},"end":{"line":303,"column":81},"skip":true}]},"25":{"line":306,"type":"if","locations":[{"start":{"line":306,"column":8},"end":{"line":306,"column":8},"skip":true},{"start":{"line":306,"column":8},"end":{"line":306,"column":8},"skip":true}]},"26":{"line":310,"type":"if","locations":[{"start":{"line":310,"column":8},"end":{"line":310,"column":8},"skip":true},{"start":{"line":310,"column":8},"end":{"line":310,"column":8},"skip":true}]},"27":{"line":313,"type":"binary-expr","locations":[{"start":{"line":313,"column":27},"end":{"line":313,"column":43},"skip":true},{"start":{"line":313,"column":47},"end":{"line":313,"column":53},"skip":true}]},"28":{"line":317,"type":"if","locations":[{"start":{"line":317,"column":12},"end":{"line":317,"column":12},"skip":true},{"start":{"line":317,"column":12},"end":{"line":317,"column":12},"skip":true}]}},"code":["/*","example.js","","quickstart example","","instruction","    1. save this script as example.js","    2. run the shell command:","        $ npm install npmtest-nano && PORT=8081 node example.js","    3. play with the browser-demo on http://127.0.0.1:8081","*/","","","","/* istanbul instrument in package npmtest_nano */","/*jslint","    bitwise: true,","    browser: true,","    maxerr: 8,","    maxlen: 96,","    node: true,","    nomen: true,","    regexp: true,","    stupid: true","*/","(function () {","    'use strict';","    var local;","","","","    // run shared js-env code - pre-init","    (function () {","        // init local","        local = {};","        // init modeJs","        local.modeJs = (function () {","            try {","                return typeof navigator.userAgent === 'string' &&","                    typeof document.querySelector('body') === 'object' &&","                    typeof XMLHttpRequest.prototype.open === 'function' &&","                    'browser';","            } catch (errorCaughtBrowser) {","                return module.exports &&","                    typeof process.versions.node === 'string' &&","                    typeof require('http').createServer === 'function' &&","                    'node';","            }","        }());","        // init global","        local.global = local.modeJs === 'browser'","            ? window","            : global;","        // init utility2_rollup","        local = local.global.utility2_rollup || (local.modeJs === 'browser'","            ? local.global.utility2_npmtest_nano","            : global.utility2_moduleExports);","        // export local","        local.global.local = local;","    }());","    switch (local.modeJs) {","","","","    // post-init","    // run browser js-env code - post-init","    /* istanbul ignore next */","    case 'browser':","        local.testRunBrowser = function (event) {","            if (!event || (event &&","                    event.currentTarget &&","                    event.currentTarget.className &&","                    event.currentTarget.className.includes &&","                    event.currentTarget.className.includes('onreset'))) {","                // reset output","                Array.from(","                    document.querySelectorAll('body > .resettable')","                ).forEach(function (element) {","                    switch (element.tagName) {","                    case 'INPUT':","                    case 'TEXTAREA':","                        element.value = '';","                        break;","                    default:","                        element.textContent = '';","                    }","                });","            }","            switch (event && event.currentTarget && event.currentTarget.id) {","            case 'testRunButton1':","                // show tests","                if (document.querySelector('#testReportDiv1').style.display === 'none') {","                    document.querySelector('#testReportDiv1').style.display = 'block';","                    document.querySelector('#testRunButton1').textContent =","                        'hide internal test';","                    local.modeTest = true;","                    local.testRunDefault(local);","                // hide tests","                } else {","                    document.querySelector('#testReportDiv1').style.display = 'none';","                    document.querySelector('#testRunButton1').textContent = 'run internal test';","                }","                break;","            // custom-case","            default:","                break;","            }","            if (document.querySelector('#inputTextareaEval1') && (!event || (event &&","                    event.currentTarget &&","                    event.currentTarget.className &&","                    event.currentTarget.className.includes &&","                    event.currentTarget.className.includes('oneval')))) {","                // try to eval input-code","                try {","                    /*jslint evil: true*/","                    eval(document.querySelector('#inputTextareaEval1').value);","                } catch (errorCaught) {","                    console.error(errorCaught);","                }","            }","        };","        // log stderr and stdout to #outputTextareaStdout1","        ['error', 'log'].forEach(function (key) {","            console[key + '_original'] = console[key];","            console[key] = function () {","                var element;","                console[key + '_original'].apply(console, arguments);","                element = document.querySelector('#outputTextareaStdout1');","                if (!element) {","                    return;","                }","                // append text to #outputTextareaStdout1","                element.value += Array.from(arguments).map(function (arg) {","                    return typeof arg === 'string'","                        ? arg","                        : JSON.stringify(arg, null, 4);","                }).join(' ') + '\\n';","                // scroll textarea to bottom","                element.scrollTop = element.scrollHeight;","            };","        });","        // init event-handling","        ['change', 'click', 'keyup'].forEach(function (event) {","            Array.from(document.querySelectorAll('.on' + event)).forEach(function (element) {","                element.addEventListener(event, local.testRunBrowser);","            });","        });","        // run tests","        local.testRunBrowser();","        break;","","","","    // run node js-env code - post-init","    /* istanbul ignore next */","    case 'node':","        // export local","        module.exports = local;","        // require modules","        local.fs = require('fs');","        local.http = require('http');","        local.url = require('url');","        // init assets","        local.assetsDict = local.assetsDict || {};","        /* jslint-ignore-begin */","        local.assetsDict['/assets.index.template.html'] = '\\","<!doctype html>\\n\\","<html lang=\"en\">\\n\\","<head>\\n\\","<meta charset=\"UTF-8\">\\n\\","<meta name=\"viewport\" content=\"width=device-width, initial-scale=1\">\\n\\","<title>{{env.npm_package_name}} (v{{env.npm_package_version}})</title>\\n\\","<style>\\n\\","/*csslint\\n\\","    box-sizing: false,\\n\\","    universal-selector: false\\n\\","*/\\n\\","* {\\n\\","    box-sizing: border-box;\\n\\","}\\n\\","body {\\n\\","    background: #dde;\\n\\","    font-family: Arial, Helvetica, sans-serif;\\n\\","    margin: 2rem;\\n\\","}\\n\\","body > * {\\n\\","    margin-bottom: 1rem;\\n\\","}\\n\\",".utility2FooterDiv {\\n\\","    margin-top: 20px;\\n\\","    text-align: center;\\n\\","}\\n\\","</style>\\n\\","<style>\\n\\","/*csslint\\n\\","*/\\n\\","textarea {\\n\\","    font-family: monospace;\\n\\","    height: 10rem;\\n\\","    width: 100%;\\n\\","}\\n\\","textarea[readonly] {\\n\\","    background: #ddd;\\n\\","}\\n\\","</style>\\n\\","</head>\\n\\","<body>\\n\\","<!-- utility2-comment\\n\\","<div id=\"ajaxProgressDiv1\" style=\"background: #d00; height: 2px; left: 0; margin: 0; padding: 0; position: fixed; top: 0; transition: background 0.5s, width 1.5s; width: 25%;\"></div>\\n\\","utility2-comment -->\\n\\","<h1>\\n\\","<!-- utility2-comment\\n\\","    <a\\n\\","        {{#if env.npm_package_homepage}}\\n\\","        href=\"{{env.npm_package_homepage}}\"\\n\\","        {{/if env.npm_package_homepage}}\\n\\","        target=\"_blank\"\\n\\","    >\\n\\","utility2-comment -->\\n\\","        {{env.npm_package_name}} (v{{env.npm_package_version}})\\n\\","<!-- utility2-comment\\n\\","    </a>\\n\\","utility2-comment -->\\n\\","</h1>\\n\\","<h3>{{env.npm_package_description}}</h3>\\n\\","<!-- utility2-comment\\n\\","<h4><a download href=\"assets.app.js\">download standalone app</a></h4>\\n\\","<button class=\"onclick onreset\" id=\"testRunButton1\">run internal test</button><br>\\n\\","<div id=\"testReportDiv1\" style=\"display: none;\"></div>\\n\\","utility2-comment -->\\n\\","\\n\\","\\n\\","\\n\\","<label>stderr and stdout</label>\\n\\","<textarea class=\"resettable\" id=\"outputTextareaStdout1\" readonly></textarea>\\n\\","<!-- utility2-comment\\n\\","{{#if isRollup}}\\n\\","<script src=\"assets.app.js\"></script>\\n\\","{{#unless isRollup}}\\n\\","utility2-comment -->\\n\\","<script src=\"assets.utility2.rollup.js\"></script>\\n\\","<script src=\"jsonp.utility2._stateInit?callback=window.utility2._stateInit\"></script>\\n\\","<script src=\"assets.npmtest_nano.rollup.js\"></script>\\n\\","<script src=\"assets.example.js\"></script>\\n\\","<script src=\"assets.test.js\"></script>\\n\\","<!-- utility2-comment\\n\\","{{/if isRollup}}\\n\\","utility2-comment -->\\n\\","<div class=\"utility2FooterDiv\">\\n\\","    [ this app was created with\\n\\","    <a href=\"https://github.com/kaizhu256/node-utility2\" target=\"_blank\">utility2</a>\\n\\","    ]\\n\\","</div>\\n\\","</body>\\n\\","</html>\\n\\","';","        /* jslint-ignore-end */","        if (local.templateRender) {","            local.assetsDict['/'] = local.templateRender(","                local.assetsDict['/assets.index.template.html'],","                {","                    env: local.objectSetDefault(local.env, {","                        npm_package_description: 'the greatest app in the world!',","                        npm_package_name: 'my-app',","                        npm_package_nameAlias: 'my_app',","                        npm_package_version: '0.0.1'","                    })","                }","            );","        } else {","            local.assetsDict['/'] = local.assetsDict['/assets.index.template.html']","                .replace((/\\{\\{env\\.(\\w+?)\\}\\}/g), function (match0, match1) {","                    // jslint-hack","                    String(match0);","                    switch (match1) {","                    case 'npm_package_description':","                        return 'the greatest app in the world!';","                    case 'npm_package_name':","                        return 'my-app';","                    case 'npm_package_nameAlias':","                        return 'my_app';","                    case 'npm_package_version':","                        return '0.0.1';","                    }","                });","        }","        // run the cli","        if (local.global.utility2_rollup || module !== require.main) {","            break;","        }","        local.assetsDict['/assets.example.js'] =","            local.assetsDict['/assets.example.js'] ||","            local.fs.readFileSync(__filename, 'utf8');","        // bug-workaround - long $npm_package_buildCustomOrg","        /* jslint-ignore-begin */","        local.assetsDict['/assets.npmtest_nano.rollup.js'] =","            local.assetsDict['/assets.npmtest_nano.rollup.js'] ||","            local.fs.readFileSync(","                local.npmtest_nano.__dirname + '/lib.npmtest_nano.js',","                'utf8'","            ).replace((/^#!/), '//');","        /* jslint-ignore-end */","        local.assetsDict['/favicon.ico'] = local.assetsDict['/favicon.ico'] || '';","        // if $npm_config_timeout_exit exists,","        // then exit this process after $npm_config_timeout_exit ms","        if (Number(process.env.npm_config_timeout_exit)) {","            setTimeout(process.exit, Number(process.env.npm_config_timeout_exit));","        }","        // start server","        if (local.global.utility2_serverHttp1) {","            break;","        }","        process.env.PORT = process.env.PORT || '8081';","        console.error('server starting on port ' + process.env.PORT);","        local.http.createServer(function (request, response) {","            request.urlParsed = local.url.parse(request.url);","            if (local.assetsDict[request.urlParsed.pathname] !== undefined) {","                response.end(local.assetsDict[request.urlParsed.pathname]);","                return;","            }","            response.statusCode = 404;","            response.end();","        }).listen(process.env.PORT);","        break;","    }","}());",""],"l":{"26":2,"28":2,"33":2,"35":2,"37":2,"38":2,"39":2,"44":1,"51":2,"55":2,"59":2,"61":2,"69":1,"70":2,"76":2,"79":2,"82":2,"83":2,"85":1,"89":2,"92":1,"93":1,"94":1,"96":1,"97":1,"100":1,"101":1,"103":1,"106":1,"108":2,"114":1,"116":1,"118":1,"123":1,"124":2,"125":2,"126":3,"127":3,"128":3,"129":3,"130":1,"133":3,"134":3,"139":3,"143":1,"144":3,"145":1,"149":1,"150":1,"158":1,"160":1,"161":1,"162":1,"164":1,"166":1,"258":1,"259":1,"271":1,"274":6,"275":6,"277":1,"279":2,"281":1,"283":2,"288":1,"289":1,"291":1,"296":1,"303":1,"306":1,"307":1,"310":1,"311":1,"313":1,"314":1,"315":1,"316":1,"317":1,"318":1,"319":1,"321":1,"322":1,"324":1}},"/home/travis/build/npmtest/node-npmtest-nano/node_modules/nano/lib/nano.js":{"path":"/home/travis/build/npmtest/node-npmtest-nano/node_modules/nano/lib/nano.js","s":{"1":1,"2":1,"3":1,"4":1,"5":1,"6":1,"7":1,"8":1,"9":1,"10":1,"11":0,"12":0,"13":0,"14":0,"15":0,"16":0,"17":0,"18":0,"19":0,"20":0,"21":0,"22":0,"23":1,"24":0,"25":0,"26":0,"27":0,"28":0,"29":0,"30":0,"31":0,"32":0,"33":0,"34":1,"35":0,"36":0,"37":0,"38":1,"39":0,"40":0,"41":0,"42":0,"43":0,"44":0,"45":0,"46":0,"47":0,"48":0,"49":0,"50":0,"51":0,"52":0,"53":0,"54":0,"55":0,"56":0,"57":0,"58":0,"59":0,"60":0,"61":0,"62":0,"63":0,"64":0,"65":0,"66":0,"67":0,"68":0,"69":0,"70":0,"71":0,"72":0,"73":0,"74":0,"75":0,"76":0,"77":0,"78":0,"79":0,"80":0,"81":0,"82":0,"83":0,"84":0,"85":0,"86":0,"87":0,"88":0,"89":0,"90":0,"91":0,"92":0,"93":0,"94":0,"95":0,"96":0,"97":0,"98":0,"99":0,"100":0,"101":0,"102":0,"103":0,"104":0,"105":0,"106":0,"107":0,"108":0,"109":0,"110":0,"111":0,"112":0,"113":0,"114":0,"115":0,"116":0,"117":0,"118":0,"119":0,"120":0,"121":0,"122":0,"123":0,"124":1,"125":0,"126":1,"127":0,"128":1,"129":0,"130":0,"131":0,"132":0,"133":1,"134":0,"135":1,"136":0,"137":1,"138":0,"139":1,"140":0,"141":1,"142":0,"143":1,"144":0,"145":0,"146":0,"147":0,"148":1,"149":0,"150":0,"151":0,"152":0,"153":1,"154":0,"155":0,"156":0,"157":0,"158":0,"159":0,"160":0,"161":1,"162":0,"163":0,"164":0,"165":1,"166":0,"167":0,"168":0,"169":0,"170":0,"171":0,"172":1,"173":0,"174":0,"175":1,"176":0,"177":0,"178":0,"179":0,"180":0,"181":0,"182":0,"183":0,"184":0,"185":0,"186":0,"187":0,"188":0,"189":1,"190":0,"191":1,"192":0,"193":0,"194":0,"195":0,"196":1,"197":0,"198":1,"199":0,"200":0,"201":0,"202":0,"203":0,"204":0,"205":0,"206":0,"207":0,"208":0,"209":0,"210":1,"211":0,"212":0,"213":0,"214":0,"215":1,"216":0,"217":0,"218":0,"219":0,"220":0,"221":1,"222":0,"223":0,"224":0,"225":0,"226":1,"227":0,"228":0,"229":0,"230":0,"231":0,"232":0,"233":0,"234":0,"235":0,"236":0,"237":0,"238":0,"239":0,"240":0,"241":0,"242":0,"243":1,"244":0,"245":1,"246":0,"247":1,"248":0,"249":1,"250":0,"251":1,"252":0,"253":1,"254":0,"255":1,"256":0,"257":0,"258":0,"259":0,"260":1,"261":0,"262":0,"263":0,"264":0,"265":0,"266":0,"267":0,"268":0,"269":0,"270":0,"271":0,"272":1,"273":0,"274":0,"275":0,"276":0,"277":0,"278":1,"279":0,"280":0,"281":0,"282":0,"283":1,"284":0,"285":0,"286":0,"287":0,"288":1,"289":0,"290":0,"291":0,"292":0,"293":0,"294":0,"295":0,"296":0,"297":0,"298":0,"299":0,"300":0,"301":0,"302":1,"303":1,"304":1,"305":0,"306":0,"307":0},"b":{"1":[0,0],"2":[0,0],"3":[0,0],"4":[0,0],"5":[0,0],"6":[0,0],"7":[0,0],"8":[0,0],"9":[0,0],"10":[0,0],"11":[0,0],"12":[0,0],"13":[0,0],"14":[0,0],"15":[0,0],"16":[0,0],"17":[0,0],"18":[0,0],"19":[0,0],"20":[0,0],"21":[0,0],"22":[0,0],"23":[0,0],"24":[0,0],"25":[0,0],"26":[0,0],"27":[0,0],"28":[0,0],"29":[0,0],"30":[0,0],"31":[0,0],"32":[0,0],"33":[0,0],"34":[0,0],"35":[0,0,0],"36":[0,0,0],"37":[0,0],"38":[0,0],"39":[0,0],"40":[0,0],"41":[0,0],"42":[0,0],"43":[0,0,0],"44":[0,0],"45":[0,0],"46":[0,0],"47":[0,0],"48":[0,0],"49":[0,0],"50":[0,0],"51":[0,0],"52":[0,0,0,0],"53":[0,0],"54":[0,0],"55":[0,0],"56":[0,0],"57":[0,0],"58":[0,0],"59":[0,0],"60":[0,0],"61":[0,0],"62":[0,0],"63":[0,0],"64":[0,0],"65":[0,0],"66":[0,0],"67":[0,0],"68":[0,0],"69":[0,0],"70":[0,0],"71":[0,0],"72":[0,0],"73":[0,0],"74":[0,0],"75":[0,0],"76":[0,0],"77":[0,0],"78":[0,0],"79":[0,0]},"f":{"1":0,"2":0,"3":0,"4":0,"5":0,"6":0,"7":0,"8":0,"9":0,"10":0,"11":0,"12":0,"13":0,"14":0,"15":0,"16":0,"17":0,"18":0,"19":0,"20":0,"21":0,"22":0,"23":0,"24":0,"25":0,"26":0,"27":0,"28":0,"29":0,"30":0,"31":0,"32":0,"33":0,"34":0,"35":0,"36":0,"37":0,"38":0,"39":0,"40":0,"41":0,"42":0,"43":0,"44":0,"45":0,"46":0,"47":0,"48":0,"49":0,"50":0,"51":0,"52":0,"53":0},"fnMap":{"1":{"name":"dbScope","line":26,"loc":{"start":{"line":26,"column":34},"end":{"line":26,"column":56}}},"2":{"name":"maybeExtractDatabaseComponent","line":48,"loc":{"start":{"line":48,"column":2},"end":{"line":48,"column":43}}},"3":{"name":"(anonymous_3)","line":54,"loc":{"start":{"line":54,"column":52},"end":{"line":54,"column":64}}},"4":{"name":"scrub","line":64,"loc":{"start":{"line":64,"column":2},"end":{"line":64,"column":22}}},"5":{"name":"relax","line":71,"loc":{"start":{"line":71,"column":2},"end":{"line":71,"column":33}}},"6":{"name":"(anonymous_6)","line":157,"loc":{"start":{"line":157,"column":52},"end":{"line":157,"column":66}}},"7":{"name":"(anonymous_7)","line":169,"loc":{"start":{"line":169,"column":45},"end":{"line":169,"column":66}}},"8":{"name":"(anonymous_8)","line":192,"loc":{"start":{"line":192,"column":26},"end":{"line":192,"column":44}}},"9":{"name":"auth","line":253,"loc":{"start":{"line":253,"column":2},"end":{"line":253,"column":46}}},"10":{"name":"session","line":265,"loc":{"start":{"line":265,"column":2},"end":{"line":265,"column":29}}},"11":{"name":"updates","line":270,"loc":{"start":{"line":270,"column":2},"end":{"line":270,"column":33}}},"12":{"name":"followUpdates","line":281,"loc":{"start":{"line":281,"column":2},"end":{"line":281,"column":39}}},"13":{"name":"createDb","line":286,"loc":{"start":{"line":286,"column":2},"end":{"line":286,"column":38}}},"14":{"name":"destroyDb","line":291,"loc":{"start":{"line":291,"column":2},"end":{"line":291,"column":39}}},"15":{"name":"getDb","line":296,"loc":{"start":{"line":296,"column":2},"end":{"line":296,"column":35}}},"16":{"name":"listDbs","line":301,"loc":{"start":{"line":301,"column":2},"end":{"line":301,"column":29}}},"17":{"name":"compactDb","line":306,"loc":{"start":{"line":306,"column":2},"end":{"line":306,"column":45}}},"18":{"name":"changesDb","line":320,"loc":{"start":{"line":320,"column":2},"end":{"line":320,"column":43}}},"19":{"name":"followDb","line":328,"loc":{"start":{"line":328,"column":2},"end":{"line":328,"column":42}}},"20":{"name":"_serializeAsUrl","line":343,"loc":{"start":{"line":343,"column":2},"end":{"line":343,"column":31}}},"21":{"name":"replicateDb","line":352,"loc":{"start":{"line":352,"column":2},"end":{"line":352,"column":55}}},"22":{"name":"docModule","line":364,"loc":{"start":{"line":364,"column":2},"end":{"line":364,"column":29}}},"23":{"name":"insertDoc","line":370,"loc":{"start":{"line":370,"column":4},"end":{"line":370,"column":42}}},"24":{"name":"destroyDoc","line":395,"loc":{"start":{"line":395,"column":4},"end":{"line":395,"column":48}}},"25":{"name":"getDoc","line":405,"loc":{"start":{"line":405,"column":4},"end":{"line":405,"column":43}}},"26":{"name":"headDoc","line":415,"loc":{"start":{"line":415,"column":4},"end":{"line":415,"column":40}}},"27":{"name":"copyDoc","line":425,"loc":{"start":{"line":425,"column":4},"end":{"line":425,"column":54}}},"28":{"name":"(anonymous_28)","line":439,"loc":{"start":{"line":439,"column":32},"end":{"line":439,"column":50}}},"29":{"name":"listDoc","line":453,"loc":{"start":{"line":453,"column":4},"end":{"line":453,"column":35}}},"30":{"name":"fetchDocs","line":463,"loc":{"start":{"line":463,"column":4},"end":{"line":463,"column":47}}},"31":{"name":"fetchRevs","line":480,"loc":{"start":{"line":480,"column":4},"end":{"line":480,"column":47}}},"32":{"name":"view","line":494,"loc":{"start":{"line":494,"column":4},"end":{"line":494,"column":54}}},"33":{"name":"(anonymous_33)","line":505,"loc":{"start":{"line":505,"column":29},"end":{"line":505,"column":45}}},"34":{"name":"viewDocs","line":538,"loc":{"start":{"line":538,"column":4},"end":{"line":538,"column":52}}},"35":{"name":"viewSpatial","line":543,"loc":{"start":{"line":543,"column":4},"end":{"line":543,"column":55}}},"36":{"name":"viewSearch","line":548,"loc":{"start":{"line":548,"column":4},"end":{"line":548,"column":54}}},"37":{"name":"showDoc","line":553,"loc":{"start":{"line":553,"column":4},"end":{"line":553,"column":60}}},"38":{"name":"updateWithHandler","line":558,"loc":{"start":{"line":558,"column":4},"end":{"line":558,"column":72}}},"39":{"name":"viewWithList","line":566,"loc":{"start":{"line":566,"column":4},"end":{"line":566,"column":66}}},"40":{"name":"bulksDoc","line":573,"loc":{"start":{"line":573,"column":4},"end":{"line":573,"column":42}}},"41":{"name":"insertMultipart","line":589,"loc":{"start":{"line":589,"column":4},"end":{"line":589,"column":61}}},"42":{"name":"(anonymous_42)","line":601,"loc":{"start":{"line":601,"column":26},"end":{"line":601,"column":40}}},"43":{"name":"getMultipart","line":627,"loc":{"start":{"line":627,"column":4},"end":{"line":627,"column":49}}},"44":{"name":"insertAtt","line":644,"loc":{"start":{"line":644,"column":4},"end":{"line":644,"column":73}}},"45":{"name":"getAtt","line":662,"loc":{"start":{"line":662,"column":4},"end":{"line":662,"column":52}}},"46":{"name":"destroyAtt","line":678,"loc":{"start":{"line":678,"column":4},"end":{"line":678,"column":56}}},"47":{"name":"(anonymous_47)","line":690,"loc":{"start":{"line":690,"column":12},"end":{"line":690,"column":25}}},"48":{"name":"(anonymous_48)","line":693,"loc":{"start":{"line":693,"column":17},"end":{"line":693,"column":44}}},"49":{"name":"(anonymous_49)","line":696,"loc":{"start":{"line":696,"column":15},"end":{"line":696,"column":28}}},"50":{"name":"(anonymous_50)","line":699,"loc":{"start":{"line":699,"column":15},"end":{"line":699,"column":32}}},"51":{"name":"(anonymous_51)","line":702,"loc":{"start":{"line":702,"column":14},"end":{"line":702,"column":31}}},"52":{"name":"(anonymous_52)","line":735,"loc":{"start":{"line":735,"column":28},"end":{"line":735,"column":47}}},"53":{"name":"urlResolveFix","line":787,"loc":{"start":{"line":787,"column":0},"end":{"line":787,"column":41}}}},"statementMap":{"1":{"start":{"line":15,"column":0},"end":{"line":15,"column":23}},"2":{"start":{"line":16,"column":0},"end":{"line":16,"column":31}},"3":{"start":{"line":17,"column":0},"end":{"line":17,"column":41}},"4":{"start":{"line":18,"column":0},"end":{"line":18,"column":33}},"5":{"start":{"line":19,"column":0},"end":{"line":19,"column":27}},"6":{"start":{"line":20,"column":0},"end":{"line":20,"column":30}},"7":{"start":{"line":21,"column":0},"end":{"line":21,"column":31}},"8":{"start":{"line":22,"column":0},"end":{"line":22,"column":33}},"9":{"start":{"line":24,"column":0},"end":{"line":24,"column":9}},"10":{"start":{"line":26,"column":0},"end":{"line":772,"column":2}},"11":{"start":{"line":27,"column":2},"end":{"line":27,"column":23}},"12":{"start":{"line":29,"column":2},"end":{"line":31,"column":3}},"13":{"start":{"line":30,"column":4},"end":{"line":30,"column":21}},"14":{"start":{"line":33,"column":2},"end":{"line":34,"column":67}},"15":{"start":{"line":35,"column":2},"end":{"line":35,"column":58}},"16":{"start":{"line":37,"column":2},"end":{"line":37,"column":21}},"17":{"start":{"line":39,"column":2},"end":{"line":39,"column":27}},"18":{"start":{"line":40,"column":2},"end":{"line":40,"column":60}},"19":{"start":{"line":42,"column":2},"end":{"line":43,"column":42}},"20":{"start":{"line":44,"column":2},"end":{"line":44,"column":77}},"21":{"start":{"line":45,"column":2},"end":{"line":45,"column":66}},"22":{"start":{"line":46,"column":2},"end":{"line":46,"column":57}},"23":{"start":{"line":48,"column":2},"end":{"line":62,"column":3}},"24":{"start":{"line":49,"column":4},"end":{"line":51,"column":5}},"25":{"start":{"line":50,"column":6},"end":{"line":50,"column":13}},"26":{"start":{"line":53,"column":4},"end":{"line":53,"column":32}},"27":{"start":{"line":54,"column":4},"end":{"line":54,"column":79}},"28":{"start":{"line":54,"column":66},"end":{"line":54,"column":75}},"29":{"start":{"line":55,"column":4},"end":{"line":55,"column":29}},"30":{"start":{"line":56,"column":4},"end":{"line":56,"column":56}},"31":{"start":{"line":58,"column":4},"end":{"line":61,"column":5}},"32":{"start":{"line":59,"column":6},"end":{"line":59,"column":69}},"33":{"start":{"line":60,"column":6},"end":{"line":60,"column":16}},"34":{"start":{"line":64,"column":2},"end":{"line":69,"column":3}},"35":{"start":{"line":65,"column":4},"end":{"line":67,"column":5}},"36":{"start":{"line":66,"column":6},"end":{"line":66,"column":56}},"37":{"start":{"line":68,"column":4},"end":{"line":68,"column":15}},"38":{"start":{"line":71,"column":2},"end":{"line":250,"column":3}},"39":{"start":{"line":72,"column":4},"end":{"line":75,"column":5}},"40":{"start":{"line":73,"column":6},"end":{"line":73,"column":22}},"41":{"start":{"line":74,"column":6},"end":{"line":74,"column":24}},"42":{"start":{"line":77,"column":4},"end":{"line":79,"column":5}},"43":{"start":{"line":78,"column":6},"end":{"line":78,"column":26}},"44":{"start":{"line":81,"column":4},"end":{"line":84,"column":5}},"45":{"start":{"line":82,"column":6},"end":{"line":82,"column":24}},"46":{"start":{"line":83,"column":6},"end":{"line":83,"column":22}},"47":{"start":{"line":86,"column":4},"end":{"line":86,"column":35}},"48":{"start":{"line":88,"column":4},"end":{"line":91,"column":6}},"49":{"start":{"line":93,"column":4},"end":{"line":97,"column":6}},"50":{"start":{"line":99,"column":4},"end":{"line":99,"column":15}},"51":{"start":{"line":100,"column":4},"end":{"line":100,"column":11}},"52":{"start":{"line":103,"column":4},"end":{"line":103,"column":36}},"53":{"start":{"line":105,"column":4},"end":{"line":107,"column":5}},"54":{"start":{"line":106,"column":6},"end":{"line":106,"column":22}},"55":{"start":{"line":110,"column":4},"end":{"line":112,"column":5}},"56":{"start":{"line":111,"column":6},"end":{"line":111,"column":68}},"57":{"start":{"line":114,"column":4},"end":{"line":116,"column":5}},"58":{"start":{"line":115,"column":6},"end":{"line":115,"column":37}},"59":{"start":{"line":118,"column":4},"end":{"line":118,"column":74}},"60":{"start":{"line":120,"column":4},"end":{"line":135,"column":5}},"61":{"start":{"line":121,"column":6},"end":{"line":121,"column":33}},"62":{"start":{"line":122,"column":11},"end":{"line":135,"column":5}},"63":{"start":{"line":123,"column":6},"end":{"line":129,"column":7}},"64":{"start":{"line":125,"column":8},"end":{"line":125,"column":54}},"65":{"start":{"line":128,"column":8},"end":{"line":128,"column":34}},"66":{"start":{"line":132,"column":6},"end":{"line":134,"column":7}},"67":{"start":{"line":133,"column":8},"end":{"line":133,"column":34}},"68":{"start":{"line":138,"column":4},"end":{"line":142,"column":5}},"69":{"start":{"line":139,"column":6},"end":{"line":139,"column":35}},"70":{"start":{"line":140,"column":6},"end":{"line":140,"column":41}},"71":{"start":{"line":141,"column":6},"end":{"line":141,"column":32}},"72":{"start":{"line":144,"column":4},"end":{"line":147,"column":5}},"73":{"start":{"line":145,"column":6},"end":{"line":145,"column":53}},"74":{"start":{"line":146,"column":6},"end":{"line":146,"column":32}},"75":{"start":{"line":150,"column":4},"end":{"line":153,"column":5}},"76":{"start":{"line":151,"column":6},"end":{"line":151,"column":59}},"77":{"start":{"line":152,"column":6},"end":{"line":152,"column":38}},"78":{"start":{"line":156,"column":4},"end":{"line":163,"column":5}},"79":{"start":{"line":157,"column":6},"end":{"line":161,"column":9}},"80":{"start":{"line":158,"column":8},"end":{"line":160,"column":9}},"81":{"start":{"line":159,"column":10},"end":{"line":159,"column":49}},"82":{"start":{"line":162,"column":6},"end":{"line":162,"column":18}},"83":{"start":{"line":165,"column":4},"end":{"line":178,"column":5}},"84":{"start":{"line":166,"column":6},"end":{"line":177,"column":7}},"85":{"start":{"line":167,"column":8},"end":{"line":167,"column":29}},"86":{"start":{"line":169,"column":8},"end":{"line":176,"column":11}},"87":{"start":{"line":171,"column":10},"end":{"line":175,"column":11}},"88":{"start":{"line":172,"column":12},"end":{"line":172,"column":36}},"89":{"start":{"line":174,"column":12},"end":{"line":174,"column":25}},"90":{"start":{"line":180,"column":4},"end":{"line":184,"column":5}},"91":{"start":{"line":181,"column":6},"end":{"line":182,"column":59}},"92":{"start":{"line":183,"column":6},"end":{"line":183,"column":67}},"93":{"start":{"line":186,"column":4},"end":{"line":186,"column":13}},"94":{"start":{"line":188,"column":4},"end":{"line":190,"column":5}},"95":{"start":{"line":189,"column":6},"end":{"line":189,"column":28}},"96":{"start":{"line":192,"column":4},"end":{"line":249,"column":7}},"97":{"start":{"line":193,"column":6},"end":{"line":193,"column":32}},"98":{"start":{"line":194,"column":6},"end":{"line":194,"column":47}},"99":{"start":{"line":195,"column":6},"end":{"line":195,"column":23}},"100":{"start":{"line":197,"column":6},"end":{"line":204,"column":7}},"101":{"start":{"line":198,"column":8},"end":{"line":198,"column":51}},"102":{"start":{"line":199,"column":8},"end":{"line":203,"column":12}},"103":{"start":{"line":206,"column":6},"end":{"line":206,"column":23}},"104":{"start":{"line":207,"column":6},"end":{"line":207,"column":34}},"105":{"start":{"line":209,"column":6},"end":{"line":213,"column":7}},"106":{"start":{"line":210,"column":8},"end":{"line":210,"column":19}},"107":{"start":{"line":212,"column":8},"end":{"line":212,"column":67}},"108":{"start":{"line":212,"column":14},"end":{"line":212,"column":37}},"109":{"start":{"line":212,"column":54},"end":{"line":212,"column":65}},"110":{"start":{"line":215,"column":6},"end":{"line":218,"column":7}},"111":{"start":{"line":216,"column":8},"end":{"line":216,"column":52}},"112":{"start":{"line":217,"column":8},"end":{"line":217,"column":42}},"113":{"start":{"line":220,"column":6},"end":{"line":220,"column":53}},"114":{"start":{"line":223,"column":6},"end":{"line":225,"column":7}},"115":{"start":{"line":224,"column":8},"end":{"line":224,"column":35}},"116":{"start":{"line":227,"column":6},"end":{"line":229,"column":7}},"117":{"start":{"line":228,"column":8},"end":{"line":228,"column":57}},"118":{"start":{"line":232,"column":6},"end":{"line":232,"column":26}},"119":{"start":{"line":235,"column":6},"end":{"line":235,"column":31}},"120":{"start":{"line":236,"column":6},"end":{"line":236,"column":29}},"121":{"start":{"line":237,"column":6},"end":{"line":239,"column":7}},"122":{"start":{"line":238,"column":8},"end":{"line":238,"column":39}},"123":{"start":{"line":241,"column":6},"end":{"line":248,"column":31}},"124":{"start":{"line":253,"column":2},"end":{"line":262,"column":3}},"125":{"start":{"line":254,"column":4},"end":{"line":261,"column":17}},"126":{"start":{"line":265,"column":2},"end":{"line":267,"column":3}},"127":{"start":{"line":266,"column":4},"end":{"line":266,"column":45}},"128":{"start":{"line":270,"column":2},"end":{"line":279,"column":3}},"129":{"start":{"line":271,"column":4},"end":{"line":274,"column":5}},"130":{"start":{"line":272,"column":6},"end":{"line":272,"column":20}},"131":{"start":{"line":273,"column":6},"end":{"line":273,"column":14}},"132":{"start":{"line":275,"column":4},"end":{"line":278,"column":17}},"133":{"start":{"line":281,"column":2},"end":{"line":283,"column":3}},"134":{"start":{"line":282,"column":4},"end":{"line":282,"column":49}},"135":{"start":{"line":286,"column":2},"end":{"line":288,"column":3}},"136":{"start":{"line":287,"column":4},"end":{"line":287,"column":56}},"137":{"start":{"line":291,"column":2},"end":{"line":293,"column":3}},"138":{"start":{"line":292,"column":4},"end":{"line":292,"column":59}},"139":{"start":{"line":296,"column":2},"end":{"line":298,"column":3}},"140":{"start":{"line":297,"column":4},"end":{"line":297,"column":41}},"141":{"start":{"line":301,"column":2},"end":{"line":303,"column":3}},"142":{"start":{"line":302,"column":4},"end":{"line":302,"column":45}},"143":{"start":{"line":306,"column":2},"end":{"line":317,"column":3}},"144":{"start":{"line":307,"column":4},"end":{"line":310,"column":5}},"145":{"start":{"line":308,"column":6},"end":{"line":308,"column":22}},"146":{"start":{"line":309,"column":6},"end":{"line":309,"column":18}},"147":{"start":{"line":311,"column":4},"end":{"line":316,"column":17}},"148":{"start":{"line":320,"column":2},"end":{"line":326,"column":3}},"149":{"start":{"line":321,"column":4},"end":{"line":324,"column":5}},"150":{"start":{"line":322,"column":6},"end":{"line":322,"column":20}},"151":{"start":{"line":323,"column":6},"end":{"line":323,"column":14}},"152":{"start":{"line":325,"column":4},"end":{"line":325,"column":67}},"153":{"start":{"line":328,"column":2},"end":{"line":341,"column":3}},"154":{"start":{"line":329,"column":4},"end":{"line":332,"column":5}},"155":{"start":{"line":330,"column":6},"end":{"line":330,"column":20}},"156":{"start":{"line":331,"column":6},"end":{"line":331,"column":14}},"157":{"start":{"line":334,"column":4},"end":{"line":334,"column":63}},"158":{"start":{"line":336,"column":4},"end":{"line":340,"column":5}},"159":{"start":{"line":337,"column":6},"end":{"line":337,"column":39}},"160":{"start":{"line":339,"column":6},"end":{"line":339,"column":38}},"161":{"start":{"line":343,"column":2},"end":{"line":349,"column":3}},"162":{"start":{"line":344,"column":4},"end":{"line":348,"column":5}},"163":{"start":{"line":345,"column":6},"end":{"line":345,"column":76}},"164":{"start":{"line":347,"column":6},"end":{"line":347,"column":16}},"165":{"start":{"line":352,"column":2},"end":{"line":362,"column":3}},"166":{"start":{"line":353,"column":4},"end":{"line":356,"column":5}},"167":{"start":{"line":354,"column":6},"end":{"line":354,"column":22}},"168":{"start":{"line":355,"column":6},"end":{"line":355,"column":16}},"169":{"start":{"line":358,"column":4},"end":{"line":358,"column":42}},"170":{"start":{"line":359,"column":4},"end":{"line":359,"column":42}},"171":{"start":{"line":361,"column":4},"end":{"line":361,"column":75}},"172":{"start":{"line":364,"column":2},"end":{"line":740,"column":3}},"173":{"start":{"line":365,"column":4},"end":{"line":365,"column":22}},"174":{"start":{"line":366,"column":4},"end":{"line":366,"column":40}},"175":{"start":{"line":370,"column":4},"end":{"line":392,"column":5}},"176":{"start":{"line":371,"column":6},"end":{"line":371,"column":57}},"177":{"start":{"line":373,"column":6},"end":{"line":376,"column":7}},"178":{"start":{"line":374,"column":8},"end":{"line":374,"column":22}},"179":{"start":{"line":375,"column":8},"end":{"line":375,"column":16}},"180":{"start":{"line":378,"column":6},"end":{"line":380,"column":7}},"181":{"start":{"line":379,"column":8},"end":{"line":379,"column":27}},"182":{"start":{"line":382,"column":6},"end":{"line":389,"column":7}},"183":{"start":{"line":383,"column":8},"end":{"line":387,"column":9}},"184":{"start":{"line":384,"column":10},"end":{"line":384,"column":32}},"185":{"start":{"line":385,"column":10},"end":{"line":385,"column":30}},"186":{"start":{"line":386,"column":10},"end":{"line":386,"column":28}},"187":{"start":{"line":388,"column":8},"end":{"line":388,"column":21}},"188":{"start":{"line":391,"column":6},"end":{"line":391,"column":35}},"189":{"start":{"line":395,"column":4},"end":{"line":402,"column":5}},"190":{"start":{"line":396,"column":6},"end":{"line":401,"column":19}},"191":{"start":{"line":405,"column":4},"end":{"line":412,"column":5}},"192":{"start":{"line":406,"column":6},"end":{"line":409,"column":7}},"193":{"start":{"line":407,"column":8},"end":{"line":407,"column":22}},"194":{"start":{"line":408,"column":8},"end":{"line":408,"column":16}},"195":{"start":{"line":411,"column":6},"end":{"line":411,"column":65}},"196":{"start":{"line":415,"column":4},"end":{"line":422,"column":5}},"197":{"start":{"line":416,"column":6},"end":{"line":421,"column":19}},"198":{"start":{"line":425,"column":4},"end":{"line":450,"column":5}},"199":{"start":{"line":426,"column":6},"end":{"line":429,"column":7}},"200":{"start":{"line":427,"column":8},"end":{"line":427,"column":24}},"201":{"start":{"line":428,"column":8},"end":{"line":428,"column":18}},"202":{"start":{"line":431,"column":6},"end":{"line":436,"column":8}},"203":{"start":{"line":438,"column":6},"end":{"line":449,"column":7}},"204":{"start":{"line":439,"column":8},"end":{"line":446,"column":11}},"205":{"start":{"line":440,"column":10},"end":{"line":442,"column":11}},"206":{"start":{"line":441,"column":12},"end":{"line":441,"column":31}},"207":{"start":{"line":443,"column":10},"end":{"line":444,"column":51}},"208":{"start":{"line":445,"column":10},"end":{"line":445,"column":37}},"209":{"start":{"line":448,"column":8},"end":{"line":448,"column":35}},"210":{"start":{"line":453,"column":4},"end":{"line":460,"column":5}},"211":{"start":{"line":454,"column":6},"end":{"line":457,"column":7}},"212":{"start":{"line":455,"column":8},"end":{"line":455,"column":22}},"213":{"start":{"line":456,"column":8},"end":{"line":456,"column":16}},"214":{"start":{"line":459,"column":6},"end":{"line":459,"column":70}},"215":{"start":{"line":463,"column":4},"end":{"line":478,"column":5}},"216":{"start":{"line":464,"column":6},"end":{"line":467,"column":7}},"217":{"start":{"line":465,"column":8},"end":{"line":465,"column":22}},"218":{"start":{"line":466,"column":8},"end":{"line":466,"column":16}},"219":{"start":{"line":469,"column":6},"end":{"line":469,"column":32}},"220":{"start":{"line":471,"column":6},"end":{"line":477,"column":19}},"221":{"start":{"line":480,"column":4},"end":{"line":492,"column":5}},"222":{"start":{"line":481,"column":6},"end":{"line":484,"column":7}},"223":{"start":{"line":482,"column":8},"end":{"line":482,"column":22}},"224":{"start":{"line":483,"column":8},"end":{"line":483,"column":16}},"225":{"start":{"line":485,"column":6},"end":{"line":491,"column":19}},"226":{"start":{"line":494,"column":4},"end":{"line":535,"column":5}},"227":{"start":{"line":495,"column":6},"end":{"line":498,"column":7}},"228":{"start":{"line":496,"column":8},"end":{"line":496,"column":22}},"229":{"start":{"line":497,"column":8},"end":{"line":497,"column":16}},"230":{"start":{"line":500,"column":6},"end":{"line":500,"column":76}},"231":{"start":{"line":504,"column":6},"end":{"line":504,"column":83}},"232":{"start":{"line":505,"column":6},"end":{"line":509,"column":9}},"233":{"start":{"line":506,"column":8},"end":{"line":508,"column":9}},"234":{"start":{"line":507,"column":10},"end":{"line":507,"column":48}},"235":{"start":{"line":511,"column":6},"end":{"line":534,"column":7}},"236":{"start":{"line":512,"column":8},"end":{"line":512,"column":35}},"237":{"start":{"line":513,"column":8},"end":{"line":513,"column":23}},"238":{"start":{"line":514,"column":8},"end":{"line":520,"column":21}},"239":{"start":{"line":522,"column":8},"end":{"line":527,"column":10}},"240":{"start":{"line":529,"column":8},"end":{"line":531,"column":9}},"241":{"start":{"line":530,"column":10},"end":{"line":530,"column":31}},"242":{"start":{"line":533,"column":8},"end":{"line":533,"column":36}},"243":{"start":{"line":538,"column":4},"end":{"line":540,"column":5}},"244":{"start":{"line":539,"column":6},"end":{"line":539,"column":64}},"245":{"start":{"line":543,"column":4},"end":{"line":545,"column":5}},"246":{"start":{"line":544,"column":6},"end":{"line":544,"column":67}},"247":{"start":{"line":548,"column":4},"end":{"line":550,"column":5}},"248":{"start":{"line":549,"column":6},"end":{"line":549,"column":66}},"249":{"start":{"line":553,"column":4},"end":{"line":555,"column":5}},"250":{"start":{"line":554,"column":6},"end":{"line":554,"column":80}},"251":{"start":{"line":558,"column":4},"end":{"line":564,"column":5}},"252":{"start":{"line":559,"column":6},"end":{"line":563,"column":19}},"253":{"start":{"line":566,"column":4},"end":{"line":570,"column":5}},"254":{"start":{"line":567,"column":6},"end":{"line":569,"column":23}},"255":{"start":{"line":573,"column":4},"end":{"line":586,"column":5}},"256":{"start":{"line":574,"column":6},"end":{"line":577,"column":7}},"257":{"start":{"line":575,"column":8},"end":{"line":575,"column":22}},"258":{"start":{"line":576,"column":8},"end":{"line":576,"column":16}},"259":{"start":{"line":579,"column":6},"end":{"line":585,"column":19}},"260":{"start":{"line":589,"column":4},"end":{"line":625,"column":5}},"261":{"start":{"line":590,"column":6},"end":{"line":592,"column":7}},"262":{"start":{"line":591,"column":8},"end":{"line":591,"column":27}},"263":{"start":{"line":594,"column":6},"end":{"line":594,"column":31}},"264":{"start":{"line":595,"column":6},"end":{"line":595,"column":24}},"265":{"start":{"line":597,"column":6},"end":{"line":597,"column":46}},"266":{"start":{"line":599,"column":6},"end":{"line":599,"column":25}},"267":{"start":{"line":601,"column":6},"end":{"line":610,"column":9}},"268":{"start":{"line":602,"column":8},"end":{"line":608,"column":10}},"269":{"start":{"line":609,"column":8},"end":{"line":609,"column":41}},"270":{"start":{"line":612,"column":6},"end":{"line":615,"column":9}},"271":{"start":{"line":617,"column":6},"end":{"line":624,"column":19}},"272":{"start":{"line":627,"column":4},"end":{"line":642,"column":5}},"273":{"start":{"line":628,"column":6},"end":{"line":631,"column":7}},"274":{"start":{"line":629,"column":8},"end":{"line":629,"column":22}},"275":{"start":{"line":630,"column":8},"end":{"line":630,"column":16}},"276":{"start":{"line":633,"column":6},"end":{"line":633,"column":28}},"277":{"start":{"line":635,"column":6},"end":{"line":641,"column":19}},"278":{"start":{"line":644,"column":4},"end":{"line":660,"column":5}},"279":{"start":{"line":645,"column":6},"end":{"line":648,"column":7}},"280":{"start":{"line":646,"column":8},"end":{"line":646,"column":22}},"281":{"start":{"line":647,"column":8},"end":{"line":647,"column":16}},"282":{"start":{"line":650,"column":6},"end":{"line":659,"column":19}},"283":{"start":{"line":662,"column":4},"end":{"line":676,"column":5}},"284":{"start":{"line":663,"column":6},"end":{"line":666,"column":7}},"285":{"start":{"line":664,"column":8},"end":{"line":664,"column":22}},"286":{"start":{"line":665,"column":8},"end":{"line":665,"column":16}},"287":{"start":{"line":668,"column":6},"end":{"line":675,"column":19}},"288":{"start":{"line":678,"column":4},"end":{"line":686,"column":5}},"289":{"start":{"line":679,"column":6},"end":{"line":685,"column":19}},"290":{"start":{"line":689,"column":4},"end":{"line":733,"column":6}},"291":{"start":{"line":691,"column":8},"end":{"line":691,"column":33}},"292":{"start":{"line":694,"column":8},"end":{"line":694,"column":53}},"293":{"start":{"line":697,"column":8},"end":{"line":
[...]
okie-authentication","  function auth(username, password, callback) {","    return relax({","      method: 'POST',","      db: '_session',","      form: {","        name: username,","        password: password","      }","    }, callback);","  }","","  // http://docs.couchdb.org/en/latest/api/server/authn.html#post--_session","  function session(callback) {","    return relax({db: '_session'}, callback);","  }","","  // http://docs.couchdb.org/en/latest/api/server/common.html#get--_db_updates","  function updates(qs, callback) {","    if (typeof qs === 'function') {","      callback = qs;","      qs = {};","    }","    return relax({","      db: '_db_updates',","      qs: qs","    }, callback);","  }","","  function followUpdates(qs, callback) {","    return followDb('_db_updates', qs, callback);","  }","","  // http://docs.couchdb.org/en/latest/api/database/common.html#put--db","  function createDb(dbName, callback) {","    return relax({db: dbName, method: 'PUT'}, callback);","  }","","  // http://docs.couchdb.org/en/latest/api/database/common.html#delete--db","  function destroyDb(dbName, callback) {","    return relax({db: dbName, method: 'DELETE'}, callback);","  }","","  // http://docs.couchdb.org/en/latest/api/database/common.html#get--db","  function getDb(dbName, callback) {","    return relax({db: dbName}, callback);","  }","","  // http://docs.couchdb.org/en/latest/api/server/common.html#get--_all_dbs","  function listDbs(callback) {","    return relax({db: '_all_dbs'}, callback);","  }","","  // http://docs.couchdb.org/en/latest/api/database/compact.html#post--db-_compact","  function compactDb(dbName, ddoc, callback) {","    if (typeof ddoc === 'function') {","      callback = ddoc;","      ddoc = null;","    }","    return relax({","      db: dbName,","      doc: '_compact',","      att: ddoc,","      method: 'POST'","    }, callback);","  }","","  // http://docs.couchdb.org/en/latest/api/database/changes.html#get--db-_changes","  function changesDb(dbName, qs, callback) {","    if (typeof qs === 'function') {","      callback = qs;","      qs = {};","    }","    return relax({db: dbName, path: '_changes', qs: qs}, callback);","  }","","  function followDb(dbName, qs, callback) {","    if (typeof qs === 'function') {","      callback = qs;","      qs = {};","    }","","    qs.db = urlResolveFix(cfg.url, encodeURIComponent(dbName));","","    if (typeof callback === 'function') {","      return followAgent(qs, callback);","    } else {","      return new followAgent.Feed(qs);","    }","  }","","  function _serializeAsUrl(db) {","    if (typeof db === 'object' && db.config && db.config.url && db.config.db) {","      return urlResolveFix(db.config.url, encodeURIComponent(db.config.db));","    } else {","      return db;","    }","  }","","  // http://docs.couchdb.org/en/latest/api/server/common.html#post--_replicate","  function replicateDb(source, target, opts, callback) {","    if (typeof opts === 'function') {","      callback = opts;","      opts = {};","    }","","    opts.source = _serializeAsUrl(source);","    opts.target = _serializeAsUrl(target);","","    return relax({db: '_replicate', body: opts, method: 'POST'}, callback);","  }","","  function docModule(dbName) {","    var docScope = {};","    dbName = decodeURIComponent(dbName);","","    // http://docs.couchdb.org/en/latest/api/document/common.html#put--db-docid","    // http://docs.couchdb.org/en/latest/api/database/common.html#post--db","    function insertDoc(doc, qs, callback) {","      var opts = {db: dbName, body: doc, method: 'POST'};","","      if (typeof qs === 'function') {","        callback = qs;","        qs = {};","      }","","      if (typeof qs === 'string') {","        qs = {docName: qs};","      }","","      if (qs) {","        if (qs.docName) {","          opts.doc = qs.docName;","          opts.method = 'PUT';","          delete qs.docName;","        }","        opts.qs = qs;","      }","","      return relax(opts, callback);","    }","","    // http://docs.couchdb.org/en/latest/api/document/common.html#delete--db-docid","    function destroyDoc(docName, rev, callback) {","      return relax({","        db: dbName,","        doc: docName,","        method: 'DELETE',","        qs: {rev: rev}","      }, callback);","    }","","    // http://docs.couchdb.org/en/latest/api/document/common.html#get--db-docid","    function getDoc(docName, qs, callback) {","      if (typeof qs === 'function') {","        callback = qs;","        qs = {};","      }","","      return relax({db: dbName, doc: docName, qs: qs}, callback);","    }","","    // http://docs.couchdb.org/en/latest/api/document/common.html#head--db-docid","    function headDoc(docName, callback) {","      return relax({","        db: dbName,","        doc: docName,","        method: 'HEAD',","        qs: {}","      }, callback);","    }","","    // http://docs.couchdb.org/en/latest/api/document/common.html#copy--db-docid","    function copyDoc(docSrc, docDest, opts, callback) {","      if (typeof opts === 'function') {","        callback = opts;","        opts = {};","      }","","      var qs = {","        db: dbName,","        doc: docSrc,","        method: 'COPY',","        headers: {'Destination': docDest}","      };","","      if (opts.overwrite) {","        return headDoc(docDest, function(e, b, h) {","          if (e && e.statusCode !== 404) {","            return callback(e);","          }","          qs.headers.Destination += '?rev=' +","            h.etag.substring(1, h.etag.length - 1);","          return relax(qs, callback);","        });","      } else {","        return relax(qs, callback);","      }","    }","","    // http://docs.couchdb.org/en/latest/api/database/bulk-api.html#get--db-_all_docs","    function listDoc(qs, callback) {","      if (typeof qs === 'function') {","        callback = qs;","        qs = {};","      }","","      return relax({db: dbName, path: '_all_docs', qs: qs}, callback);","    }","","    // http://docs.couchdb.org/en/latest/api/database/bulk-api.html#post--db-_all_docs","    function fetchDocs(docNames, qs, callback) {","      if (typeof qs === 'function') {","        callback = qs;","        qs = {};","      }","","      qs['include_docs'] = true;","","      return relax({","        db: dbName,","        path: '_all_docs',","        method: 'POST',","        qs: qs,","        body: docNames","      }, callback);","    }","","    function fetchRevs(docNames, qs, callback) {","      if (typeof qs === 'function') {","        callback = qs;","        qs = {};","      }","      return relax({","        db: dbName,","        path: '_all_docs',","        method: 'POST',","        qs: qs,","        body: docNames","      }, callback);","    }","","    function view(ddoc, viewName, meta, qs, callback) {","      if (typeof qs === 'function') {","        callback = qs;","        qs = {};","      }","","      var viewPath = '_design/' + ddoc + '/_' + meta.type + '/'  + viewName;","","      // Several search parameters must be JSON-encoded; but since this is an","      // object API, several parameters need JSON endoding.","      var paramsToEncode = ['counts', 'drilldown', 'group_sort', 'ranges', 'sort'];","      paramsToEncode.forEach(function(param) {","        if (param in qs) {","          qs[param] = JSON.stringify(qs[param]);","        }","      });","","      if (qs && qs.keys) {","        var body = {keys: qs.keys};","        delete qs.keys;","        return relax({","          db: dbName,","          path: viewPath,","          method: 'POST',","          qs: qs,","          body: body","        }, callback);","      } else {","        var req = {","          db: dbName,","          method: meta.method || 'GET',","          path: viewPath,","          qs: qs","        };","","        if (meta.body) {","          req.body = meta.body;","        }","","        return relax(req, callback);","      }","    }","","    // http://docs.couchdb.org/en/latest/api/ddoc/views.html#post--db-_design-ddoc-_view-view","    function viewDocs(ddoc, viewName, qs, callback) {","      return view(ddoc, viewName, {type: 'view'}, qs, callback);","    }","","    // geocouch","    function viewSpatial(ddoc, viewName, qs, callback) {","      return view(ddoc, viewName, {type: 'spatial'}, qs, callback);","    }","","    // cloudant","    function viewSearch(ddoc, viewName, qs, callback) {","      return view(ddoc, viewName, {type: 'search'}, qs, callback);","    }","","    // http://docs.couchdb.org/en/latest/api/ddoc/render.html#get--db-_design-ddoc-_show-func","    function showDoc(ddoc, viewName, docName, qs, callback) {","      return view(ddoc, viewName + '/' + docName, {type: 'show'}, qs, callback);","    }","","    // http://docs.couchdb.org/en/latest/api/ddoc/render.html#put--db-_design-ddoc-_update-func-docid","    function updateWithHandler(ddoc, viewName, docName, body, callback) {","      return view(ddoc, viewName + '/' + encodeURIComponent(docName), {","        type: 'update',","        method: 'PUT',","        body: body","      }, callback);","    }","","    function viewWithList(ddoc, viewName, listName, qs, callback) {","      return view(ddoc, listName + '/' + viewName, {","        type: 'list'","      }, qs, callback);","    }","","    // http://docs.couchdb.org/en/latest/api/database/bulk-api.html#post--db-_bulksDoc","    function bulksDoc(docs, qs, callback) {","      if (typeof qs === 'function') {","        callback = qs;","        qs = {};","      }","","      return relax({","        db: dbName,","        path: '_bulk_docs',","        body: docs,","        method: 'POST',","        qs: qs","      }, callback);","    }","","    // http://docs.couchdb.org/en/latest/api/document/common.html#creating-multiple-attachments","    function insertMultipart(doc, attachments, qs, callback) {","      if (typeof qs === 'string') {","        qs = {docName: qs};","      }","","      var docName = qs.docName;","      delete qs.docName;","","      doc = _.extend({_attachments: {}}, doc);","","      var multipart = [];","","      attachments.forEach(function(att) {","        doc._attachments[att.name] = {","          follows: true,","          length: Buffer.isBuffer(att.data) ?","            att.data.length : Buffer.byteLength(att.data),","          /* jscs:disable requireCamelCaseOrUpperCaseIdentifiers */","          'content_type': att.content_type","        };","        multipart.push({body: att.data});","      });","","      multipart.unshift({","        'content-type': 'application/json',","        body: JSON.stringify(doc)","      });","","      return relax({","        db: dbName,","        method: 'PUT',","        contentType: 'multipart/related',","        doc: docName,","        qs: qs,","        multipart: multipart","      }, callback);","    }","","    function getMultipart(docName, qs, callback) {","      if (typeof qs === 'function') {","        callback = qs;","        qs = {};","      }","","      qs.attachments = true;","","      return relax({","        db: dbName,","        doc: docName,","        encoding: null,","        contentType: 'multipart/related',","        qs: qs","      }, callback);","    }","","    function insertAtt(docName, attName, att, contentType, qs, callback) {","      if (typeof qs === 'function') {","        callback = qs;","        qs = {};","      }","","      return relax({","        db: dbName,","        att: attName,","        method: 'PUT',","        contentType: contentType,","        doc: docName,","        qs: qs,","        body: att,","        dontStringify: true","      }, callback);","    }","","    function getAtt(docName, attName, qs, callback) {","      if (typeof qs === 'function') {","        callback = qs;","        qs = {};","      }","","      return relax({","        db: dbName,","        att: attName,","        doc: docName,","        qs: qs,","        encoding: null,","        dontParse: true","      }, callback);","    }","","    function destroyAtt(docName, attName, qs, callback) {","      return relax({","        db: dbName,","        att: attName,","        method: 'DELETE',","        doc: docName,","        qs: qs","      }, callback);","    }","","    // db level exports","    docScope = {","      info: function(cb) {","        return getDb(dbName, cb);","      },","      replicate: function(target, opts, cb) {","        return replicateDb(dbName, target, opts, cb);","      },","      compact: function(cb) {","        return compactDb(dbName, cb);","      },","      changes: function(qs, cb) {","        return changesDb(dbName, qs, cb);","      },","      follow: function(qs, cb) {","        return followDb(dbName, qs, cb);","      },","      auth: auth,","      session: session,","      insert: insertDoc,","      get: getDoc,","      head: headDoc,","      copy: copyDoc,","      destroy: destroyDoc,","      bulk: bulksDoc,","      list: listDoc,","      fetch: fetchDocs,","      fetchRevs: fetchRevs,","      config: {url: cfg.url, db: dbName},","      multipart: {","        insert: insertMultipart,","        get: getMultipart","      },","      attachment: {","        insert: insertAtt,","        get: getAtt,","        destroy: destroyAtt","      },","      show: showDoc,","      atomic: updateWithHandler,","      updateWithHandler: updateWithHandler,","      search: viewSearch,","      spatial: viewSpatial,","      view: viewDocs,","      viewWithList: viewWithList","    };","","    docScope.view.compact = function(ddoc, cb) {","      return compactDb(dbName, ddoc, cb);","    };","","    return docScope;","  }","","  // server level exports","  serverScope = _.extend(serverScope, {","    db: {","      create: createDb,","      get: getDb,","      destroy: destroyDb,","      list: listDbs,","      use: docModule,","      scope: docModule,","      compact: compactDb,","      replicate: replicateDb,","      changes: changesDb,","      follow: followDb,","      followUpdates: followUpdates,","      updates: updates","    },","    use: docModule,","    scope: docModule,","    request: relax,","    relax: relax,","    dinosaur: relax,","    auth: auth,","    session: session,","    updates: updates,","    followUpdates: followUpdates","  });","","  var db = maybeExtractDatabaseComponent();","","  return db ? docModule(db) : serverScope;","};","","/*"," * and now an ascii dinosaur"," *              _"," *            / _) ROAR! i'm a vegan!"," *     .-^^^-/ /"," *  __/       /"," * /__.|_|-|_|"," *"," * thanks for visiting! come again!"," */","nano.version = require('../package.json').version;","nano.path    = __dirname;","","function urlResolveFix(couchUrl, dbName) {","  if (/[^\\/]$/.test(couchUrl)) {","    couchUrl += '/';","  }","  return u.resolve(couchUrl, dbName);","}",""],"l":{"15":1,"16":1,"17":1,"18":1,"19":1,"20":1,"21":1,"22":1,"24":1,"26":1,"27":0,"29":0,"30":0,"33":0,"35":0,"37":0,"39":0,"40":0,"42":0,"44":0,"45":0,"46":0,"48":1,"49":0,"50":0,"53":0,"54":0,"55":0,"56":0,"58":0,"59":0,"60":0,"64":1,"65":0,"66":0,"68":0,"71":1,"72":0,"73":0,"74":0,"77":0,"78":0,"81":0,"82":0,"83":0,"86":0,"88":0,"93":0,"99":0,"100":0,"103":0,"105":0,"106":0,"110":0,"111":0,"114":0,"115":0,"118":0,"120":0,"121":0,"122":0,"123":0,"125":0,"128":0,"132":0,"133":0,"138":0,"139":0,"140":0,"141":0,"144":0,"145":0,"146":0,"150":0,"151":0,"152":0,"156":0,"157":0,"158":0,"159":0,"162":0,"165":0,"166":0,"167":0,"169":0,"171":0,"172":0,"174":0,"180":0,"181":0,"183":0,"186":0,"188":0,"189":0,"192":0,"193":0,"194":0,"195":0,"197":0,"198":0,"199":0,"206":0,"207":0,"209":0,"210":0,"212":0,"215":0,"216":0,"217":0,"220":0,"223":0,"224":0,"227":0,"228":0,"232":0,"235":0,"236":0,"237":0,"238":0,"241":0,"253":1,"254":0,"265":1,"266":0,"270":1,"271":0,"272":0,"273":0,"275":0,"281":1,"282":0,"286":1,"287":0,"291":1,"292":0,"296":1,"297":0,"301":1,"302":0,"306":1,"307":0,"308":0,"309":0,"311":0,"320":1,"321":0,"322":0,"323":0,"325":0,"328":1,"329":0,"330":0,"331":0,"334":0,"336":0,"337":0,"339":0,"343":1,"344":0,"345":0,"347":0,"352":1,"353":0,"354":0,"355":0,"358":0,"359":0,"361":0,"364":1,"365":0,"366":0,"370":1,"371":0,"373":0,"374":0,"375":0,"378":0,"379":0,"382":0,"383":0,"384":0,"385":0,"386":0,"388":0,"391":0,"395":1,"396":0,"405":1,"406":0,"407":0,"408":0,"411":0,"415":1,"416":0,"425":1,"426":0,"427":0,"428":0,"431":0,"438":0,"439":0,"440":0,"441":0,"443":0,"445":0,"448":0,"453":1,"454":0,"455":0,"456":0,"459":0,"463":1,"464":0,"465":0,"466":0,"469":0,"471":0,"480":1,"481":0,"482":0,"483":0,"485":0,"494":1,"495":0,"496":0,"497":0,"500":0,"504":0,"505":0,"506":0,"507":0,"511":0,"512":0,"513":0,"514":0,"522":0,"529":0,"530":0,"533":0,"538":1,"539":0,"543":1,"544":0,"548":1,"549":0,"553":1,"554":0,"558":1,"559":0,"566":1,"567":0,"573":1,"574":0,"575":0,"576":0,"579":0,"589":1,"590":0,"591":0,"594":0,"595":0,"597":0,"599":0,"601":0,"602":0,"609":0,"612":0,"617":0,"627":1,"628":0,"629":0,"630":0,"633":0,"635":0,"644":1,"645":0,"646":0,"647":0,"650":0,"662":1,"663":0,"664":0,"665":0,"668":0,"678":1,"679":0,"689":0,"691":0,"694":0,"697":0,"700":0,"703":0,"735":0,"736":0,"739":0,"743":0,"769":0,"771":0,"784":1,"785":1,"787":1,"788":0,"789":0,"791":0}},"/home/travis/build/npmtest/node-npmtest-nano/node_modules/nano/lib/logger.js":{"path":"/home/travis/build/npmtest/node-npmtest-nano/node_modules/nano/lib/logger.js","s":{"1":1,"2":1,"3":0,"4":0,"5":0,"6":0,"7":0,"8":0},"b":{"1":[0,0],"2":[0,0],"3":[0,0]},"f":{"1":0,"2":0,"3":0},"fnMap":{"1":{"name":"logging","line":17,"loc":{"start":{"line":17,"column":17},"end":{"line":17,"column":39}}},"2":{"name":"logEvent","line":21,"loc":{"start":{"line":21,"column":9},"end":{"line":21,"column":35}}},"3":{"name":"log","line":24,"loc":{"start":{"line":24,"column":11},"end":{"line":24,"column":26}}}},"statementMap":{"1":{"start":{"line":15,"column":0},"end":{"line":15,"column":44}},"2":{"start":{"line":17,"column":0},"end":{"line":28,"column":2}},"3":{"start":{"line":18,"column":2},"end":{"line":18,"column":27}},"4":{"start":{"line":19,"column":2},"end":{"line":19,"column":60}},"5":{"start":{"line":21,"column":2},"end":{"line":27,"column":4}},"6":{"start":{"line":22,"column":4},"end":{"line":23,"column":45}},"7":{"start":{"line":24,"column":4},"end":{"line":26,"column":6}},"8":{"start":{"line":25,"column":6},"end":{"line":25,"column":67}}},"branchMap":{"1":{"line":18,"type":"binary-expr","locations":[{"start":{"line":18,"column":12},"end":{"line":18,"column":15}},{"start":{"line":18,"column":19},"end":{"line":18,"column":26}}]},"2":{"line":19,"type":"cond-expr","locations":[{"start":{"line":19,"column":48},"end":{"line":19,"column":51}},{"start":{"line":19,"column":54},"end":{"line":19,"column":59}}]},"3":{"line":22,"type":"cond-expr","locations":[{"start":{"line":22,"column":28},"end":{"line":22,"column":40}},{"start":{"line":22,"column":43},"end":{"line":22,"column":45}}]}},"code":["// Licensed under the Apache License, Version 2.0 (the 'License'); you may not","// use this file except in compliance with the License. You may obtain a copy of","// the License at","//","//   http://www.apache.org/licenses/LICENSE-2.0","//","// Unless required by applicable law or agreed to in writing, software","// distributed under the License is distributed on an 'AS IS' BASIS, WITHOUT","// WARRANTIES OR CONDITIONS OF ANY KIND, either express or implied. See the","// License for the specific language governing permissions and limitations under","// the License.","","'use strict';","","var debug = require('debug')('nano/logger');","","module.exports = function logging(cfg) {","  var log = cfg && cfg.log;","  var logStrategy = typeof log === 'function' ? log : debug;","","  return function logEvent(prefix) {","    var eventId = (prefix ? prefix + '-' : '') +","      (~~(Math.random() * 1e9)).toString(36);","    return function log() {","      logStrategy.call(this, eventId, [].slice.call(arguments, 0));","    };","  };","};",""],"l":{"15":1,"17":1,"18":0,"19":0,"21":0,"22":0,"24":0,"25":0}}}